[info]2018/01/15 09:27:43 [1305 	 14908 	 金学兰]
[info]2018/01/15 09:27:43 [教职工已经存在]
[info]2018/01/15 09:27:43 [1458 	 15054 	 测试教职工]
[info]2018/01/15 09:27:43 [教职工已经存在]
[info]2018/01/15 09:27:43 [1459 	 15055 	 张圣侍]
[info]2018/01/15 09:27:43 [教职工已经存在]
[info]2018/01/15 09:27:43 [1460 	 15056 	 张璐]
[info]2018/01/15 09:27:43 [教职工已经存在]
[info]2018/01/15 09:27:43 [1461 	 15057 	 杨慧慧]
[info]2018/01/15 09:27:43 [教职工已经存在]
[info]2018/01/15 09:27:43 [1462 	 15058 	 杨允碧]
[info]2018/01/15 09:27:43 [教职工已经存在]
[info]2018/01/15 09:27:43 [1463 	 15059 	 王梦成岚]
[info]2018/01/15 09:27:43 [教职工已经存在]
[info]2018/01/15 09:27:43 [1464 	 15060 	 邵康华]
[info]2018/01/15 09:27:43 [教职工已经存在]
[info]2018/01/15 09:27:43 [1465 	 15061 	 肖凤生]
[info]2018/01/15 09:27:43 [教职工已经存在]
[info]2018/01/15 09:27:43 [1466 	 15062 	 智慧校园客服]
[info]2018/01/15 09:27:43 [教职工已经存在]
[info]2018/01/15 09:27:43 [1467 	 15063 	 张本刚]
[info]2018/01/15 09:27:43 [教职工已经存在]
[info]2018/01/15 09:27:43 [1468 	 15064 	 杨德洪]
[info]2018/01/15 09:27:44 [教职工已经存在]
[info]2018/01/15 09:27:44 [1469 	 15065 	 刘萍萍]
[info]2018/01/15 09:27:44 [教职工已经存在]
[info]2018/01/15 09:27:44 [1470 	 15066 	 陈红钢]
[info]2018/01/15 09:27:44 [教职工已经存在]
[info]2018/01/15 09:27:44 [1479 	 15101 	 尹惠华]
[info]2018/01/15 09:27:44 [教职工已经存在]
[info]2018/01/15 09:27:44 [2037 	 30396 	 罗大虎]
[info]2018/01/15 09:27:44 [教职工已经存在]
[info]2018/01/15 09:27:44 [2115 	 34706 	 高鹏]
[info]2018/01/15 09:27:44 [教职工已经存在]
[info]2018/01/15 10:14:35 [1305 	 14908 	 金学兰]
[info]2018/01/15 10:14:35 [教职工已经存在]
[info]2018/01/15 10:14:35 [1458 	 15054 	 测试教职工]
[info]2018/01/15 10:14:35 [教职工已经存在]
[info]2018/01/15 10:14:35 [1459 	 15055 	 张圣侍]
[info]2018/01/15 10:14:35 [教职工已经存在]
[info]2018/01/15 10:14:35 [1460 	 15056 	 张璐]
[info]2018/01/15 10:14:35 [教职工已经存在]
[info]2018/01/15 10:14:35 [1461 	 15057 	 杨慧慧]
[info]2018/01/15 10:14:35 [教职工已经存在]
[info]2018/01/15 10:14:35 [1462 	 15058 	 杨允碧]
[info]2018/01/15 10:14:35 [教职工已经存在]
[info]2018/01/15 10:14:35 [1463 	 15059 	 王梦成岚]
[info]2018/01/15 10:14:35 [教职工已经存在]
[info]2018/01/15 10:14:35 [1464 	 15060 	 邵康华]
[info]2018/01/15 10:14:35 [教职工已经存在]
[info]2018/01/15 10:14:35 [1465 	 15061 	 肖凤生]
[info]2018/01/15 10:14:35 [教职工已经存在]
[info]2018/01/15 10:14:35 [1466 	 15062 	 智慧校园客服]
[info]2018/01/15 10:14:35 [教职工已经存在]
[info]2018/01/15 10:14:35 [1467 	 15063 	 张本刚]
[info]2018/01/15 10:14:35 [教职工已经存在]
[info]2018/01/15 10:14:35 [1468 	 15064 	 杨德洪]
[info]2018/01/15 10:14:35 [教职工已经存在]
[info]2018/01/15 10:14:35 [1469 	 15065 	 刘萍萍]
[info]2018/01/15 10:14:35 [教职工已经存在]
[info]2018/01/15 10:14:35 [1470 	 15066 	 陈红钢]
[info]2018/01/15 10:14:35 [教职工已经存在]
[info]2018/01/15 10:14:35 [1479 	 15101 	 尹惠华]
[info]2018/01/15 10:14:35 [教职工已经存在]
[info]2018/01/15 10:14:35 [2037 	 30396 	 罗大虎]
[info]2018/01/15 10:14:35 [教职工已经存在]
[info]2018/01/15 10:14:35 [2115 	 34706 	 高鹏]
[info]2018/01/15 10:14:35 [教职工已经存在]
[info]2018/01/15 11:39:37 [[2883 	 58079 	 客服]]
[info]2018/01/15 11:39:58 [[2883 	 58079 	 客服]]
[info]2018/01/15 11:39:58 [[教职工已经存在]]
[info]2018/01/15 11:40:22 [[2883 	 58079 	 客服]]
[info]2018/01/15 11:40:22 [[教职工已经存在]]
[info]2018/01/15 11:40:42 [[2883 	 58079 	 客服]]
[info]2018/01/15 11:40:42 [[教职工已经存在]]
[info]2018/01/15 11:40:51 [[1305 	 14908 	 金学兰]]
[info]2018/01/15 11:40:51 [[教职工已经存在]]
[info]2018/01/15 11:40:51 [[1458 	 15054 	 测试教职工]]
[info]2018/01/15 11:40:51 [[教职工已经存在]]
[info]2018/01/15 11:40:51 [[1459 	 15055 	 张圣侍]]
[info]2018/01/15 11:40:51 [[教职工已经存在]]
[info]2018/01/15 11:40:51 [[1460 	 15056 	 张璐]]
[info]2018/01/15 11:40:51 [[教职工已经存在]]
[info]2018/01/15 11:40:51 [[1461 	 15057 	 杨慧慧]]
[info]2018/01/15 11:40:51 [[教职工已经存在]]
[info]2018/01/15 11:40:51 [[1462 	 15058 	 杨允碧]]
[info]2018/01/15 11:40:51 [[教职工已经存在]]
[info]2018/01/15 11:40:51 [[1463 	 15059 	 王梦成岚]]
[info]2018/01/15 11:40:51 [[教职工已经存在]]
[info]2018/01/15 11:40:51 [[1464 	 15060 	 邵康华]]
[info]2018/01/15 11:40:51 [[教职工已经存在]]
[info]2018/01/15 11:40:51 [[1465 	 15061 	 肖凤生]]
[info]2018/01/15 11:40:51 [[教职工已经存在]]
[info]2018/01/15 11:40:51 [[1466 	 15062 	 智慧校园客服]]
[info]2018/01/15 11:40:51 [[教职工已经存在]]
[info]2018/01/15 11:40:51 [[1467 	 15063 	 张本刚]]
[info]2018/01/15 11:40:51 [[教职工已经存在]]
[info]2018/01/15 11:40:51 [[1468 	 15064 	 杨德洪]]
[info]2018/01/15 11:40:51 [[教职工已经存在]]
[info]2018/01/15 11:40:51 [[1469 	 15065 	 刘萍萍]]
[info]2018/01/15 11:40:51 [[教职工已经存在]]
[info]2018/01/15 11:40:51 [[1470 	 15066 	 陈红钢]]
[info]2018/01/15 11:40:51 [[教职工已经存在]]
[info]2018/01/15 11:40:51 [[1479 	 15101 	 尹惠华]]
[info]2018/01/15 11:40:51 [[教职工已经存在]]
[info]2018/01/15 11:40:51 [[2037 	 30396 	 罗大虎]]
[info]2018/01/15 11:40:51 [[教职工已经存在]]
[info]2018/01/15 11:40:51 [[2115 	 34706 	 高鹏]]
[info]2018/01/15 11:40:51 [[教职工已经存在]]
[info]2018/01/15 11:40:51 [[2883 	 58079 	 客服]]
[info]2018/01/15 11:40:51 [[教职工已经存在]]
