[info]2018/01/12 16:04:43 [测试 读取教职工列表失败]
[info]2018/01/12 16:04:43 [95 	 364 	 张老师]
[info]2018/01/12 16:04:43 [添加教职工失败System_Users) mssql: 转换 nvarchar 值 '330101000101' 时溢出了整数列。]
[info]2018/01/12 16:04:43 [96 	 365 	 杨老师]
[info]2018/01/12 16:04:43 [添加教职工失败System_Users) mssql: 转换 nvarchar 值 '330101000101' 时溢出了整数列。]
[info]2018/01/12 16:04:43 [1187 	 8176 	 郭嘉]
[info]2018/01/12 16:04:43 [添加教职工失败System_Users) mssql: 转换 nvarchar 值 '330101000101' 时溢出了整数列。]
[info]2018/01/12 16:04:43 [1188 	 9690 	 陈红钢]
[info]2018/01/12 16:04:43 [添加教职工失败System_Users) mssql: 转换 nvarchar 值 '330101000101' 时溢出了整数列。]
[info]2018/01/12 16:04:43 [1396 	 11392 	 骆家庄]
[info]2018/01/12 16:04:43 [添加教职工失败System_Users) mssql: 转换 nvarchar 值 '330101000101' 时溢出了整数列。]
[info]2018/01/12 16:04:43 [1409 	 11414 	 弟子规]
[info]2018/01/12 16:04:43 [添加教职工失败System_Users) mssql: 转换 nvarchar 值 '330101000101' 时溢出了整数列。]
[info]2018/01/12 16:04:43 [1411 	 11419 	 肖凤生]
[info]2018/01/12 16:04:43 [添加教职工失败System_Users) mssql: 转换 nvarchar 值 '330101000101' 时溢出了整数列。]
[info]2018/01/12 16:04:43 [1412 	 11431 	 冯小刚]
[info]2018/01/12 16:04:43 [添加教职工失败System_Users) mssql: 转换 nvarchar 值 '330101000101' 时溢出了整数列。]
[info]2018/01/12 16:04:43 [1430 	 12638 	 王国荣]
[info]2018/01/12 16:04:43 [添加教职工失败System_Users) mssql: 转换 nvarchar 值 '330101000101' 时溢出了整数列。]
[info]2018/01/12 16:04:43 [1443 	 12668 	 测试教师]
[info]2018/01/12 16:04:43 [添加教职工失败System_Users) mssql: 转换 nvarchar 值 '330101000101' 时溢出了整数列。]
[info]2018/01/12 16:04:43 [1451 	 12677 	 张小懒]
[info]2018/01/12 16:04:43 [添加教职工失败System_Users) mssql: 转换 nvarchar 值 '330101000101' 时溢出了整数列。]
[info]2018/01/12 16:04:43 [1452 	 12678 	 杨慧慧]
[info]2018/01/12 16:04:43 [添加教职工失败System_Users) mssql: 转换 nvarchar 值 '330101000101' 时溢出了整数列。]
[info]2018/01/12 16:04:43 [1453 	 12679 	 张圣侍]
[info]2018/01/12 16:04:43 [添加教职工失败System_Users) mssql: 转换 nvarchar 值 '330101000101' 时溢出了整数列。]
[info]2018/01/12 16:04:43 [1454 	 12687 	 刘萍萍]
[info]2018/01/12 16:04:43 [添加教职工失败System_Users) mssql: 转换 nvarchar 值 '330101000101' 时溢出了整数列。]
[info]2018/01/12 16:04:43 [1455 	 12688 	 罗小虎]
[info]2018/01/12 16:04:43 [添加教职工失败System_Users) mssql: 转换 nvarchar 值 '330101000101' 时溢出了整数列。]
[info]2018/01/12 16:04:43 [1556 	 14066 	 王肖熏]
[info]2018/01/12 16:04:43 [添加教职工失败System_Users) mssql: 转换 nvarchar 值 '330101000101' 时溢出了整数列。]
[info]2018/01/12 16:04:43 [1557 	 14078 	 56个去]
[info]2018/01/12 16:04:43 [添加教职工失败System_Users) mssql: 转换 nvarchar 值 '330101000101' 时溢出了整数列。]
[info]2018/01/12 16:04:43 [1558 	 14084 	 大熊]
[info]2018/01/12 16:04:43 [添加教职工失败System_Users) mssql: 转换 nvarchar 值 '330101000101' 时溢出了整数列。]
[info]2018/01/12 16:04:43 [1564 	 14461 	 何萍]
[info]2018/01/12 16:04:43 [添加教职工失败System_Users) mssql: 转换 nvarchar 值 '330101000101' 时溢出了整数列。]
[info]2018/01/12 16:04:43 [1565 	 14462 	 幢幢]
[info]2018/01/12 16:04:43 [添加教职工失败System_Users) mssql: 转换 nvarchar 值 '330101000101' 时溢出了整数列。]
[info]2018/01/12 16:04:43 [1566 	 14463 	 杨允碧]
[info]2018/01/12 16:04:43 [添加教职工失败System_Users) mssql: 转换 nvarchar 值 '330101000101' 时溢出了整数列。]
[info]2018/01/12 16:04:43 [1567 	 14464 	 杨幂]
[info]2018/01/12 16:04:43 [添加教职工失败System_Users) mssql: 转换 nvarchar 值 '330101000101' 时溢出了整数列。]
[info]2018/01/12 16:04:43 [1568 	 14465 	 李晓娟]
[info]2018/01/12 16:04:43 [添加教职工失败System_Users) mssql: 转换 nvarchar 值 '330101000101' 时溢出了整数列。]
[info]2018/01/12 16:04:43 [1569 	 14466 	 郑丽英]
[info]2018/01/12 16:04:43 [添加教职工失败System_Users) mssql: 转换 nvarchar 值 '330101000101' 时溢出了整数列。]
[info]2018/01/12 16:04:43 [1570 	 14467 	 张丽颖]
[info]2018/01/12 16:04:43 [添加教职工失败System_Users) mssql: 转换 nvarchar 值 '330101000101' 时溢出了整数列。]
[info]2018/01/12 16:04:43 [1571 	 14468 	 小璐]
[info]2018/01/12 16:04:43 [添加教职工失败System_Users) mssql: 转换 nvarchar 值 '330101000101' 时溢出了整数列。]
[info]2018/01/12 16:04:43 [1572 	 14469 	 张韬]
[info]2018/01/12 16:04:44 [添加教职工失败System_Users) mssql: 转换 nvarchar 值 '330101000101' 时溢出了整数列。]
[info]2018/01/12 16:04:44 [1573 	 14470 	 何宇轩]
[info]2018/01/12 16:04:44 [添加教职工失败System_Users) mssql: 转换 nvarchar 值 '330101000101' 时溢出了整数列。]
[info]2018/01/12 16:04:44 [1574 	 14471 	 张可忻]
[info]2018/01/12 16:04:44 [添加教职工失败System_Users) mssql: 转换 nvarchar 值 '330101000101' 时溢出了整数列。]
[info]2018/01/12 16:04:44 [1575 	 14472 	 周晨凯]
[info]2018/01/12 16:04:44 [添加教职工失败System_Users) mssql: 转换 nvarchar 值 '330101000101' 时溢出了整数列。]
[info]2018/01/12 16:04:44 [1576 	 14473 	 龙傲天]
[info]2018/01/12 16:04:44 [添加教职工失败System_Users) mssql: 转换 nvarchar 值 '330101000101' 时溢出了整数列。]
[info]2018/01/12 16:04:44 [1577 	 14474 	 龙傲天]
[info]2018/01/12 16:04:44 [添加教职工失败System_Users) mssql: 转换 nvarchar 值 '330101000101' 时溢出了整数列。]
[info]2018/01/12 16:04:44 [1578 	 14475 	 李哲舟]
[info]2018/01/12 16:04:44 [添加教职工失败System_Users) mssql: 转换 nvarchar 值 '330101000101' 时溢出了整数列。]
[info]2018/01/12 16:04:44 [1579 	 14476 	 谭倬云]
[info]2018/01/12 16:04:44 [添加教职工失败System_Users) mssql: 转换 nvarchar 值 '330101000101' 时溢出了整数列。]
[info]2018/01/12 16:04:44 [1580 	 14477 	 佟丽娅]
[info]2018/01/12 16:04:44 [添加教职工失败System_Users) mssql: 转换 nvarchar 值 '330101000101' 时溢出了整数列。]
[info]2018/01/12 16:04:44 [1581 	 14478 	 董沈涛]
[info]2018/01/12 16:04:44 [添加教职工失败System_Users) mssql: 转换 nvarchar 值 '330101000101' 时溢出了整数列。]
[info]2018/01/12 16:04:44 [1582 	 14479 	 张本刚]
[info]2018/01/12 16:04:44 [添加教职工失败System_Users) mssql: 转换 nvarchar 值 '330101000101' 时溢出了整数列。]
[info]2018/01/12 16:04:44 [1583 	 14480 	 小月]
[info]2018/01/12 16:04:44 [添加教职工失败System_Users) mssql: 转换 nvarchar 值 '330101000101' 时溢出了整数列。]
[info]2018/01/12 16:04:44 [1584 	 14481 	 郭子怡]
[info]2018/01/12 16:04:44 [添加教职工失败System_Users) mssql: 转换 nvarchar 值 '330101000101' 时溢出了整数列。]
[info]2018/01/12 16:04:44 [1585 	 14482 	 林雨婷]
[info]2018/01/12 16:04:44 [添加教职工失败System_Users) mssql: 转换 nvarchar 值 '330101000101' 时溢出了整数列。]
[info]2018/01/12 16:04:44 [1452 	 12678 	 杨慧慧]
[info]2018/01/12 16:04:44 [添加教职工失败System_Users) mssql: 转换 nvarchar 值 '330101000102' 时溢出了整数列。]
[info]2018/01/12 16:04:44 [1458 	 12714 	 罗晓虎]
[info]2018/01/12 16:04:44 [添加教职工失败System_Users) mssql: 转换 nvarchar 值 '330101000102' 时溢出了整数列。]
[info]2018/01/12 16:12:58 [测试 读取教职工列表失败]
[info]2018/01/12 16:12:58 [95 	 364 	 张老师]
[info]2018/01/12 16:12:58 [添加教职工失败System_Users) mssql: 转换 nvarchar 值 '330101000101' 时溢出了整数列。]
[info]2018/01/12 16:12:58 [96 	 365 	 杨老师]
[info]2018/01/12 16:12:58 [添加教职工失败System_Users) mssql: 转换 nvarchar 值 '330101000101' 时溢出了整数列。]
[info]2018/01/12 16:12:58 [1187 	 8176 	 郭嘉]
[info]2018/01/12 16:12:58 [添加教职工失败System_Users) mssql: 转换 nvarchar 值 '330101000101' 时溢出了整数列。]
[info]2018/01/12 16:12:58 [1188 	 9690 	 陈红钢]
[info]2018/01/12 16:12:58 [添加教职工失败System_Users) mssql: 转换 nvarchar 值 '330101000101' 时溢出了整数列。]
[info]2018/01/12 16:12:58 [1396 	 11392 	 骆家庄]
[info]2018/01/12 16:12:58 [添加教职工失败System_Users) mssql: 转换 nvarchar 值 '330101000101' 时溢出了整数列。]
[info]2018/01/12 16:12:58 [1409 	 11414 	 弟子规]
[info]2018/01/12 16:12:58 [添加教职工失败System_Users) mssql: 转换 nvarchar 值 '330101000101' 时溢出了整数列。]
[info]2018/01/12 16:12:58 [1411 	 11419 	 肖凤生]
[info]2018/01/12 16:12:58 [添加教职工失败System_Users) mssql: 转换 nvarchar 值 '330101000101' 时溢出了整数列。]
[info]2018/01/12 16:12:58 [1412 	 11431 	 冯小刚]
[info]2018/01/12 16:12:58 [添加教职工失败System_Users) mssql: 转换 nvarchar 值 '330101000101' 时溢出了整数列。]
[info]2018/01/12 16:12:58 [1430 	 12638 	 王国荣]
[info]2018/01/12 16:12:58 [添加教职工失败System_Users) mssql: 转换 nvarchar 值 '330101000101' 时溢出了整数列。]
[info]2018/01/12 16:12:58 [1443 	 12668 	 测试教师]
[info]2018/01/12 16:12:58 [添加教职工失败System_Users) mssql: 转换 nvarchar 值 '330101000101' 时溢出了整数列。]
[info]2018/01/12 16:12:58 [1451 	 12677 	 张小懒]
[info]2018/01/12 16:12:58 [添加教职工失败System_Users) mssql: 转换 nvarchar 值 '330101000101' 时溢出了整数列。]
[info]2018/01/12 16:12:58 [1452 	 12678 	 杨慧慧]
[info]2018/01/12 16:12:58 [添加教职工失败System_Users) mssql: 转换 nvarchar 值 '330101000101' 时溢出了整数列。]
[info]2018/01/12 16:12:58 [1453 	 12679 	 张圣侍]
[info]2018/01/12 16:12:58 [添加教职工失败System_Users) mssql: 转换 nvarchar 值 '330101000101' 时溢出了整数列。]
[info]2018/01/12 16:12:58 [1454 	 12687 	 刘萍萍]
[info]2018/01/12 16:12:58 [添加教职工失败System_Users) mssql: 转换 nvarchar 值 '330101000101' 时溢出了整数列。]
[info]2018/01/12 16:12:58 [1455 	 12688 	 罗小虎]
[info]2018/01/12 16:12:58 [添加教职工失败System_Users) mssql: 转换 nvarchar 值 '330101000101' 时溢出了整数列。]
[info]2018/01/12 16:12:58 [1556 	 14066 	 王肖熏]
[info]2018/01/12 16:12:58 [添加教职工失败System_Users) mssql: 转换 nvarchar 值 '330101000101' 时溢出了整数列。]
[info]2018/01/12 16:12:58 [1557 	 14078 	 56个去]
[info]2018/01/12 16:12:58 [添加教职工失败System_Users) mssql: 转换 nvarchar 值 '330101000101' 时溢出了整数列。]
[info]2018/01/12 16:12:58 [1558 	 14084 	 大熊]
[info]2018/01/12 16:12:58 [添加教职工失败System_Users) mssql: 转换 nvarchar 值 '330101000101' 时溢出了整数列。]
[info]2018/01/12 16:12:58 [1564 	 14461 	 何萍]
[info]2018/01/12 16:12:58 [添加教职工失败System_Users) mssql: 转换 nvarchar 值 '330101000101' 时溢出了整数列。]
[info]2018/01/12 16:12:58 [1565 	 14462 	 幢幢]
[info]2018/01/12 16:12:58 [添加教职工失败System_Users) mssql: 转换 nvarchar 值 '330101000101' 时溢出了整数列。]
[info]2018/01/12 16:12:58 [1566 	 14463 	 杨允碧]
[info]2018/01/12 16:12:58 [添加教职工失败System_Users) mssql: 转换 nvarchar 值 '330101000101' 时溢出了整数列。]
[info]2018/01/12 16:12:58 [1567 	 14464 	 杨幂]
[info]2018/01/12 16:12:58 [添加教职工失败System_Users) mssql: 转换 nvarchar 值 '330101000101' 时溢出了整数列。]
[info]2018/01/12 16:12:58 [1568 	 14465 	 李晓娟]
[info]2018/01/12 16:12:58 [添加教职工失败System_Users) mssql: 转换 nvarchar 值 '330101000101' 时溢出了整数列。]
[info]2018/01/12 16:12:58 [1569 	 14466 	 郑丽英]
[info]2018/01/12 16:12:58 [添加教职工失败System_Users) mssql: 转换 nvarchar 值 '330101000101' 时溢出了整数列。]
[info]2018/01/12 16:12:58 [1570 	 14467 	 张丽颖]
[info]2018/01/12 16:12:58 [添加教职工失败System_Users) mssql: 转换 nvarchar 值 '330101000101' 时溢出了整数列。]
[info]2018/01/12 16:12:58 [1571 	 14468 	 小璐]
[info]2018/01/12 16:12:58 [添加教职工失败System_Users) mssql: 转换 nvarchar 值 '330101000101' 时溢出了整数列。]
[info]2018/01/12 16:12:58 [1572 	 14469 	 张韬]
[info]2018/01/12 16:12:58 [添加教职工失败System_Users) mssql: 转换 nvarchar 值 '330101000101' 时溢出了整数列。]
[info]2018/01/12 16:12:58 [1573 	 14470 	 何宇轩]
[info]2018/01/12 16:12:58 [添加教职工失败System_Users) mssql: 转换 nvarchar 值 '330101000101' 时溢出了整数列。]
[info]2018/01/12 16:12:58 [1574 	 14471 	 张可忻]
[info]2018/01/12 16:12:58 [添加教职工失败System_Users) mssql: 转换 nvarchar 值 '330101000101' 时溢出了整数列。]
[info]2018/01/12 16:12:58 [1575 	 14472 	 周晨凯]
[info]2018/01/12 16:12:58 [添加教职工失败System_Users) mssql: 转换 nvarchar 值 '330101000101' 时溢出了整数列。]
[info]2018/01/12 16:12:58 [1576 	 14473 	 龙傲天]
[info]2018/01/12 16:12:58 [添加教职工失败System_Users) mssql: 转换 nvarchar 值 '330101000101' 时溢出了整数列。]
[info]2018/01/12 16:12:58 [1577 	 14474 	 龙傲天]
[info]2018/01/12 16:12:58 [添加教职工失败System_Users) mssql: 转换 nvarchar 值 '330101000101' 时溢出了整数列。]
[info]2018/01/12 16:12:58 [1578 	 14475 	 李哲舟]
[info]2018/01/12 16:12:58 [添加教职工失败System_Users) mssql: 转换 nvarchar 值 '330101000101' 时溢出了整数列。]
[info]2018/01/12 16:12:58 [1579 	 14476 	 谭倬云]
[info]2018/01/12 16:12:58 [添加教职工失败System_Users) mssql: 转换 nvarchar 值 '330101000101' 时溢出了整数列。]
[info]2018/01/12 16:12:58 [1580 	 14477 	 佟丽娅]
[info]2018/01/12 16:12:59 [添加教职工失败System_Users) mssql: 转换 nvarchar 值 '330101000101' 时溢出了整数列。]
[info]2018/01/12 16:12:59 [1581 	 14478 	 董沈涛]
[info]2018/01/12 16:12:59 [添加教职工失败System_Users) mssql: 转换 nvarchar 值 '330101000101' 时溢出了整数列。]
[info]2018/01/12 16:12:59 [1582 	 14479 	 张本刚]
[info]2018/01/12 16:12:59 [添加教职工失败System_Users) mssql: 转换 nvarchar 值 '330101000101' 时溢出了整数列。]
[info]2018/01/12 16:12:59 [1583 	 14480 	 小月]
[info]2018/01/12 16:12:59 [添加教职工失败System_Users) mssql: 转换 nvarchar 值 '330101000101' 时溢出了整数列。]
[info]2018/01/12 16:12:59 [1584 	 14481 	 郭子怡]
[info]2018/01/12 16:12:59 [添加教职工失败System_Users) mssql: 转换 nvarchar 值 '330101000101' 时溢出了整数列。]
[info]2018/01/12 16:12:59 [1585 	 14482 	 林雨婷]
[info]2018/01/12 16:12:59 [添加教职工失败System_Users) mssql: 转换 nvarchar 值 '330101000101' 时溢出了整数列。]
[info]2018/01/12 16:12:59 [1452 	 12678 	 杨慧慧]
[info]2018/01/12 16:12:59 [添加教职工失败System_Users) mssql: 转换 nvarchar 值 '330101000102' 时溢出了整数列。]
[info]2018/01/12 16:12:59 [1458 	 12714 	 罗晓虎]
[info]2018/01/12 16:12:59 [添加教职工失败System_Users) mssql: 转换 nvarchar 值 '330101000102' 时溢出了整数列。]
[info]2018/01/12 16:13:54 [测试 读取教职工列表失败]
[info]2018/01/12 16:13:54 [95 	 364 	 张老师]
[info]2018/01/12 16:13:54 [添加教职工失败System_Users) mssql: 转换 nvarchar 值 '330101000101' 时溢出了整数列。]
[info]2018/01/12 16:13:54 [96 	 365 	 杨老师]
[info]2018/01/12 16:13:54 [添加教职工失败System_Users) mssql: 转换 nvarchar 值 '330101000101' 时溢出了整数列。]
[info]2018/01/12 16:13:54 [1187 	 8176 	 郭嘉]
[info]2018/01/12 16:13:54 [添加教职工失败System_Users) mssql: 转换 nvarchar 值 '330101000101' 时溢出了整数列。]
[info]2018/01/12 16:13:54 [1188 	 9690 	 陈红钢]
[info]2018/01/12 16:13:54 [添加教职工失败System_Users) mssql: 转换 nvarchar 值 '330101000101' 时溢出了整数列。]
[info]2018/01/12 16:13:54 [1396 	 11392 	 骆家庄]
[info]2018/01/12 16:13:54 [添加教职工失败System_Users) mssql: 转换 nvarchar 值 '330101000101' 时溢出了整数列。]
[info]2018/01/12 16:13:54 [1409 	 11414 	 弟子规]
[info]2018/01/12 16:13:54 [添加教职工失败System_Users) mssql: 转换 nvarchar 值 '330101000101' 时溢出了整数列。]
[info]2018/01/12 16:13:54 [1411 	 11419 	 肖凤生]
[info]2018/01/12 16:13:54 [添加教职工失败System_Users) mssql: 转换 nvarchar 值 '330101000101' 时溢出了整数列。]
[info]2018/01/12 16:13:54 [1412 	 11431 	 冯小刚]
[info]2018/01/12 16:13:54 [添加教职工失败System_Users) mssql: 转换 nvarchar 值 '330101000101' 时溢出了整数列。]
[info]2018/01/12 16:13:54 [1430 	 12638 	 王国荣]
[info]2018/01/12 16:13:54 [添加教职工失败System_Users) mssql: 转换 nvarchar 值 '330101000101' 时溢出了整数列。]
[info]2018/01/12 16:13:54 [1443 	 12668 	 测试教师]
[info]2018/01/12 16:13:54 [添加教职工失败System_Users) mssql: 转换 nvarchar 值 '330101000101' 时溢出了整数列。]
[info]2018/01/12 16:13:54 [1451 	 12677 	 张小懒]
[info]2018/01/12 16:13:54 [添加教职工失败System_Users) mssql: 转换 nvarchar 值 '330101000101' 时溢出了整数列。]
[info]2018/01/12 16:13:54 [1452 	 12678 	 杨慧慧]
[info]2018/01/12 16:13:54 [添加教职工失败System_Users) mssql: 转换 nvarchar 值 '330101000101' 时溢出了整数列。]
[info]2018/01/12 16:13:54 [1453 	 12679 	 张圣侍]
[info]2018/01/12 16:13:54 [添加教职工失败System_Users) mssql: 转换 nvarchar 值 '330101000101' 时溢出了整数列。]
[info]2018/01/12 16:13:54 [1454 	 12687 	 刘萍萍]
[info]2018/01/12 16:13:54 [添加教职工失败System_Users) mssql: 转换 nvarchar 值 '330101000101' 时溢出了整数列。]
[info]2018/01/12 16:13:54 [1455 	 12688 	 罗小虎]
[info]2018/01/12 16:13:55 [添加教职工失败System_Users) mssql: 转换 nvarchar 值 '330101000101' 时溢出了整数列。]
[info]2018/01/12 16:13:55 [1556 	 14066 	 王肖熏]
[info]2018/01/12 16:13:55 [添加教职工失败System_Users) mssql: 转换 nvarchar 值 '330101000101' 时溢出了整数列。]
[info]2018/01/12 16:13:55 [1557 	 14078 	 56个去]
[info]2018/01/12 16:13:55 [添加教职工失败System_Users) mssql: 转换 nvarchar 值 '330101000101' 时溢出了整数列。]
[info]2018/01/12 16:13:55 [1558 	 14084 	 大熊]
[info]2018/01/12 16:13:55 [添加教职工失败System_Users) mssql: 转换 nvarchar 值 '330101000101' 时溢出了整数列。]
[info]2018/01/12 16:13:55 [1564 	 14461 	 何萍]
[info]2018/01/12 16:13:55 [添加教职工失败System_Users) mssql: 转换 nvarchar 值 '330101000101' 时溢出了整数列。]
[info]2018/01/12 16:13:55 [1565 	 14462 	 幢幢]
[info]2018/01/12 16:13:55 [添加教职工失败System_Users) mssql: 转换 nvarchar 值 '330101000101' 时溢出了整数列。]
[info]2018/01/12 16:13:55 [1566 	 14463 	 杨允碧]
[info]2018/01/12 16:13:55 [添加教职工失败System_Users) mssql: 转换 nvarchar 值 '330101000101' 时溢出了整数列。]
[info]2018/01/12 16:13:55 [1567 	 14464 	 杨幂]
[info]2018/01/12 16:13:55 [添加教职工失败System_Users) mssql: 转换 nvarchar 值 '330101000101' 时溢出了整数列。]
[info]2018/01/12 16:13:55 [1568 	 14465 	 李晓娟]
[info]2018/01/12 16:13:55 [添加教职工失败System_Users) mssql: 转换 nvarchar 值 '330101000101' 时溢出了整数列。]
[info]2018/01/12 16:13:55 [1569 	 14466 	 郑丽英]
[info]2018/01/12 16:13:55 [添加教职工失败System_Users) mssql: 转换 nvarchar 值 '330101000101' 时溢出了整数列。]
[info]2018/01/12 16:13:55 [1570 	 14467 	 张丽颖]
[info]2018/01/12 16:13:55 [添加教职工失败System_Users) mssql: 转换 nvarchar 值 '330101000101' 时溢出了整数列。]
[info]2018/01/12 16:13:55 [1571 	 14468 	 小璐]
[info]2018/01/12 16:13:55 [添加教职工失败System_Users) mssql: 转换 nvarchar 值 '330101000101' 时溢出了整数列。]
[info]2018/01/12 16:13:55 [1572 	 14469 	 张韬]
[info]2018/01/12 16:13:55 [添加教职工失败System_Users) mssql: 转换 nvarchar 值 '330101000101' 时溢出了整数列。]
[info]2018/01/12 16:13:55 [1573 	 14470 	 何宇轩]
[info]2018/01/12 16:13:55 [添加教职工失败System_Users) mssql: 转换 nvarchar 值 '330101000101' 时溢出了整数列。]
[info]2018/01/12 16:13:55 [1574 	 14471 	 张可忻]
[info]2018/01/12 16:13:55 [添加教职工失败System_Users) mssql: 转换 nvarchar 值 '330101000101' 时溢出了整数列。]
[info]2018/01/12 16:13:55 [1575 	 14472 	 周晨凯]
[info]2018/01/12 16:13:55 [添加教职工失败System_Users) mssql: 转换 nvarchar 值 '330101000101' 时溢出了整数列。]
[info]2018/01/12 16:13:55 [1576 	 14473 	 龙傲天]
[info]2018/01/12 16:13:55 [添加教职工失败System_Users) mssql: 转换 nvarchar 值 '330101000101' 时溢出了整数列。]
[info]2018/01/12 16:13:55 [1577 	 14474 	 龙傲天]
[info]2018/01/12 16:13:55 [添加教职工失败System_Users) mssql: 转换 nvarchar 值 '330101000101' 时溢出了整数列。]
[info]2018/01/12 16:13:55 [1578 	 14475 	 李哲舟]
[info]2018/01/12 16:13:55 [添加教职工失败System_Users) mssql: 转换 nvarchar 值 '330101000101' 时溢出了整数列。]
[info]2018/01/12 16:13:55 [1579 	 14476 	 谭倬云]
[info]2018/01/12 16:13:55 [添加教职工失败System_Users) mssql: 转换 nvarchar 值 '330101000101' 时溢出了整数列。]
[info]2018/01/12 16:13:55 [1580 	 14477 	 佟丽娅]
[info]2018/01/12 16:13:55 [添加教职工失败System_Users) mssql: 转换 nvarchar 值 '330101000101' 时溢出了整数列。]
[info]2018/01/12 16:13:55 [1581 	 14478 	 董沈涛]
[info]2018/01/12 16:13:55 [添加教职工失败System_Users) mssql: 转换 nvarchar 值 '330101000101' 时溢出了整数列。]
[info]2018/01/12 16:13:55 [1582 	 14479 	 张本刚]
[info]2018/01/12 16:13:55 [添加教职工失败System_Users) mssql: 转换 nvarchar 值 '330101000101' 时溢出了整数列。]
[info]2018/01/12 16:13:55 [1583 	 14480 	 小月]
[info]2018/01/12 16:13:55 [添加教职工失败System_Users) mssql: 转换 nvarchar 值 '330101000101' 时溢出了整数列。]
[info]2018/01/12 16:13:55 [1584 	 14481 	 郭子怡]
[info]2018/01/12 16:13:55 [添加教职工失败System_Users) mssql: 转换 nvarchar 值 '330101000101' 时溢出了整数列。]
[info]2018/01/12 16:13:55 [1585 	 14482 	 林雨婷]
[info]2018/01/12 16:13:55 [添加教职工失败System_Users) mssql: 转换 nvarchar 值 '330101000101' 时溢出了整数列。]
[info]2018/01/12 16:13:55 [1452 	 12678 	 杨慧慧]
[info]2018/01/12 16:13:55 [添加教职工失败System_Users) mssql: 转换 nvarchar 值 '330101000102' 时溢出了整数列。]
[info]2018/01/12 16:13:55 [1458 	 12714 	 罗晓虎]
[info]2018/01/12 16:13:55 [添加教职工失败System_Users) mssql: 转换 nvarchar 值 '330101000102' 时溢出了整数列。]
[info]2018/01/12 16:14:27 [测试 读取教职工列表失败]
[info]2018/01/12 16:14:27 [95 	 364 	 张老师]
[info]2018/01/12 16:14:27 [1452 	 12678 	 杨慧慧]
[info]2018/01/12 19:21:58 [1305 	 14908 	 金学兰]
[info]2018/01/12 19:21:58 [教职工已经存在]
[info]2018/01/12 19:21:58 [1458 	 15054 	 测试教职工]
[info]2018/01/12 19:21:58 [教职工已经存在]
[info]2018/01/12 19:21:58 [1459 	 15055 	 张圣侍]
[info]2018/01/12 19:21:58 [教职工已经存在]
[info]2018/01/12 19:21:58 [1460 	 15056 	 张璐]
[info]2018/01/12 19:21:58 [教职工已经存在]
[info]2018/01/12 19:21:58 [1461 	 15057 	 杨慧慧]
[info]2018/01/12 19:21:58 [教职工已经存在]
[info]2018/01/12 19:21:58 [1462 	 15058 	 杨允碧]
[info]2018/01/12 19:21:58 [教职工已经存在]
[info]2018/01/12 19:21:58 [1463 	 15059 	 王梦成岚]
[info]2018/01/12 19:21:58 [教职工已经存在]
[info]2018/01/12 19:21:58 [1464 	 15060 	 邵康华]
[info]2018/01/12 19:21:58 [教职工已经存在]
[info]2018/01/12 19:21:58 [1465 	 15061 	 肖凤生]
[info]2018/01/12 19:21:58 [教职工已经存在]
[info]2018/01/12 19:21:58 [1466 	 15062 	 智慧校园客服]
[info]2018/01/12 19:21:58 [教职工已经存在]
[info]2018/01/12 19:21:58 [1467 	 15063 	 张本刚]
[info]2018/01/12 19:21:58 [教职工已经存在]
[info]2018/01/12 19:21:58 [1468 	 15064 	 杨德洪]
[info]2018/01/12 19:21:58 [教职工已经存在]
[info]2018/01/12 19:21:58 [1469 	 15065 	 刘萍萍]
[info]2018/01/12 19:21:58 [教职工已经存在]
[info]2018/01/12 19:21:58 [1470 	 15066 	 陈红钢]
[info]2018/01/12 19:21:58 [教职工已经存在]
[info]2018/01/12 19:21:58 [1479 	 15101 	 尹惠华]
[info]2018/01/12 19:21:58 [教职工已经存在]
[info]2018/01/12 19:21:58 [2037 	 30396 	 罗大虎]
[info]2018/01/12 19:21:58 [教职工已经存在]
[info]2018/01/12 19:21:58 [2115 	 34706 	 高鹏]
[info]2018/01/12 19:21:58 [教职工已经存在]
