[info]2018/02/28 11:05:35 [[教职工信息：2681 	 56722 	 白琼]]
[info]2018/02/28 11:05:35 [[教职工信息：2682 	 56723 	 包明华]]
[info]2018/02/28 11:05:35 [[教职工信息：2683 	 56724 	 毕德文]]
[info]2018/02/28 11:05:35 [[教职工信息：2684 	 56725 	 毕国珠]]
[info]2018/02/28 11:05:35 [[教职工信息：2685 	 56726 	 毕玲]]
[info]2018/02/28 11:05:35 [[教职工信息：2686 	 56727 	 曹慧]]
[info]2018/02/28 11:05:35 [[教职工信息：2687 	 56728 	 陈宏君]]
[info]2018/02/28 11:05:35 [[教职工信息：2688 	 56729 	 陈慕芳]]
[info]2018/02/28 11:05:35 [[教职工信息：2689 	 56730 	 陈琼]]
[info]2018/02/28 11:05:35 [[教职工信息：2690 	 56731 	 陈文]]
[info]2018/02/28 11:05:35 [[教职工信息：2691 	 56732 	 程霞]]
[info]2018/02/28 11:05:35 [[教职工信息：2692 	 56733 	 初梓超]]
[info]2018/02/28 11:05:35 [[教职工信息：2693 	 56734 	 崔永良]]
[info]2018/02/28 11:05:35 [[教职工信息：2694 	 56735 	 丁宁]]
[info]2018/02/28 11:05:35 [[教职工信息：2695 	 56736 	 董莲慧]]
[info]2018/02/28 11:05:35 [[教职工信息：2696 	 56737 	 杜丽萍]]
[info]2018/02/28 11:05:35 [[教职工信息：2697 	 56738 	 杜秀英]]
[info]2018/02/28 11:05:35 [[教职工信息：2698 	 56739 	 冯志慧]]
[info]2018/02/28 11:05:35 [[教职工信息：2699 	 56740 	 凤丹]]
[info]2018/02/28 11:05:35 [[教职工信息：2700 	 56741 	 付春峰]]
[info]2018/02/28 11:05:35 [[教职工信息：2701 	 56742 	 付吏麟]]
[info]2018/02/28 11:05:35 [[教职工信息：2702 	 56743 	 付艺迪]]
[info]2018/02/28 11:05:35 [[教职工信息：2703 	 56744 	 高景荣]]
[info]2018/02/28 11:05:35 [[教职工信息：2704 	 56745 	 高媛]]
[info]2018/02/28 11:05:35 [[教职工信息：2705 	 56746 	 葛云峰]]
[info]2018/02/28 11:05:35 [[教职工信息：2706 	 56747 	 耿文敏]]
[info]2018/02/28 11:05:35 [[教职工信息：2707 	 56748 	 巩德君]]
[info]2018/02/28 11:05:35 [[教职工信息：2708 	 56749 	 谷金龙]]
[info]2018/02/28 11:05:36 [[教职工信息：2709 	 56750 	 关太玲]]
[info]2018/02/28 11:05:36 [[教职工信息：2710 	 56751 	 郭秀荣]]
[info]2018/02/28 11:05:36 [[教职工信息：2711 	 56752 	 国君]]
[info]2018/02/28 11:05:36 [[教职工信息：2712 	 56753 	 韩丽英]]
[info]2018/02/28 11:05:36 [[教职工信息：2713 	 56754 	 韩凉]]
[info]2018/02/28 11:05:36 [[教职工信息：2714 	 56755 	 何海涛]]
[info]2018/02/28 11:05:36 [[教职工信息：2715 	 56756 	 侯蕊]]
[info]2018/02/28 11:05:36 [[教职工信息：2716 	 56757 	 胡艳杰]]
[info]2018/02/28 11:05:36 [[教职工信息：2717 	 56758 	 胡忠海]]
[info]2018/02/28 11:05:36 [[教职工信息：2718 	 56759 	 黄嘉君]]
[info]2018/02/28 11:05:36 [[教职工信息：2719 	 56760 	 黄丽艳]]
[info]2018/02/28 11:05:36 [[教职工信息：2720 	 56761 	 霍淑艳]]
[info]2018/02/28 11:05:36 [[教职工信息：2721 	 56762 	 纪宏飞]]
[info]2018/02/28 11:05:36 [[教职工信息：2722 	 56763 	 江海艳]]
[info]2018/02/28 11:05:36 [[教职工信息：2723 	 56764 	 姜福禄]]
[info]2018/02/28 11:05:36 [[教职工信息：2724 	 56765 	 姜军]]
[info]2018/02/28 11:05:36 [[教职工信息：2725 	 56766 	 姜玉泉]]
[info]2018/02/28 11:05:36 [[教职工信息：2726 	 56767 	 解秀春]]
[info]2018/02/28 11:05:36 [[教职工信息：2727 	 56768 	 靳艳萍]]
[info]2018/02/28 11:05:36 [[教职工信息：2728 	 56769 	 荆冬兰]]
[info]2018/02/28 11:05:36 [[教职工信息：2729 	 56770 	 景思源]]
[info]2018/02/28 11:05:36 [[教职工信息：2730 	 56771 	 孔凡雷]]
[info]2018/02/28 11:05:36 [[教职工信息：2731 	 56772 	 孔静]]
[info]2018/02/28 11:05:36 [[教职工信息：2732 	 56773 	 兰迟]]
[info]2018/02/28 11:05:36 [[教职工信息：2733 	 56774 	 雷苗苗]]
[info]2018/02/28 11:05:36 [[教职工信息：2734 	 56775 	 雷云]]
[info]2018/02/28 11:05:36 [[教职工信息：2735 	 56776 	 李博]]
[info]2018/02/28 11:05:36 [[教职工信息：2736 	 56777 	 李博]]
[info]2018/02/28 11:05:36 [[教职工信息：2737 	 56778 	 李传玉]]
[info]2018/02/28 11:05:36 [[教职工信息：2738 	 56779 	 李惠玲]]
[info]2018/02/28 11:05:36 [[教职工信息：2739 	 56780 	 李江波]]
[info]2018/02/28 11:05:36 [[教职工信息：2740 	 56781 	 李金茹]]
[info]2018/02/28 11:05:36 [[教职工信息：2741 	 56782 	 李晶]]
[info]2018/02/28 11:05:36 [[教职工信息：2742 	 56783 	 李静]]
[info]2018/02/28 11:05:37 [[教职工信息：2743 	 56784 	 李密]]
[info]2018/02/28 11:05:37 [[教职工信息：2744 	 56785 	 李思漫]]
[info]2018/02/28 11:05:37 [[教职工信息：2745 	 56786 	 梁莉]]
[info]2018/02/28 11:05:37 [[教职工信息：2746 	 56787 	 刘彬]]
[info]2018/02/28 11:05:37 [[教职工信息：2747 	 56788 	 刘冰]]
[info]2018/02/28 11:05:37 [[教职工信息：2748 	 56789 	 刘海军]]
[info]2018/02/28 11:05:37 [[教职工信息：2749 	 56790 	 刘红波]]
[info]2018/02/28 11:05:37 [[教职工信息：2750 	 56791 	 刘利峰]]
[info]2018/02/28 11:05:37 [[教职工信息：2751 	 56792 	 刘威高]]
[info]2018/02/28 11:05:37 [[教职工信息：2752 	 56793 	 刘晓光]]
[info]2018/02/28 11:05:37 [[教职工信息：2753 	 56794 	 刘昕婕]]
[info]2018/02/28 11:05:37 [[教职工信息：2754 	 56795 	 刘永明]]
[info]2018/02/28 11:05:37 [[教职工信息：2755 	 56796 	 陆永义]]
[info]2018/02/28 11:05:37 [[教职工信息：2756 	 56797 	 吕晗菲]]
[info]2018/02/28 11:05:37 [[教职工信息：2757 	 56798 	 吕红杰]]
[info]2018/02/28 11:05:37 [[教职工信息：2758 	 56799 	 伦涛]]
[info]2018/02/28 11:05:37 [[教职工信息：2759 	 56800 	 罗大涛]]
[info]2018/02/28 11:05:37 [[教职工信息：2760 	 56801 	 罗艳强]]
[info]2018/02/28 11:05:37 [[教职工信息：2761 	 56802 	 马春辉]]
[info]2018/02/28 11:05:37 [[教职工信息：2762 	 56803 	 马海燕]]
[info]2018/02/28 11:05:37 [[教职工信息：2763 	 56804 	 孟江红]]
[info]2018/02/28 11:05:37 [[教职工信息：2764 	 56805 	 倪会]]
[info]2018/02/28 11:05:37 [[教职工信息：2765 	 56806 	 齐博]]
[info]2018/02/28 11:05:37 [[教职工信息：2766 	 56807 	 乔宏]]
[info]2018/02/28 11:05:37 [[教职工信息：2767 	 56808 	 秦惠玲]]
[info]2018/02/28 11:05:37 [[教职工信息：2768 	 56809 	 邱红新]]
[info]2018/02/28 11:05:37 [[教职工信息：2769 	 56810 	 任波]]
[info]2018/02/28 11:05:37 [[教职工信息：2770 	 56811 	 任峰松]]
[info]2018/02/28 11:05:37 [[教职工信息：2771 	 56812 	 商宁]]
[info]2018/02/28 11:05:37 [[教职工信息：2772 	 56813 	 尚春义]]
[info]2018/02/28 11:05:37 [[教职工信息：2773 	 56814 	 石小东]]
[info]2018/02/28 11:05:37 [[教职工信息：2774 	 56815 	 史杰]]
[info]2018/02/28 11:05:37 [[教职工信息：2775 	 56816 	 宋冬梅]]
[info]2018/02/28 11:05:38 [[教职工信息：2776 	 56817 	 宋靖]]
[info]2018/02/28 11:05:38 [[教职工信息：2777 	 56818 	 苏春香]]
[info]2018/02/28 11:05:38 [[教职工信息：2778 	 56819 	 孙光]]
[info]2018/02/28 11:05:38 [[教职工信息：2779 	 56820 	 孙鹤婷]]
[info]2018/02/28 11:05:38 [[教职工信息：2780 	 56821 	 孙佳年]]
[info]2018/02/28 11:05:38 [[教职工信息：2781 	 56822 	 陶明]]
[info]2018/02/28 11:05:38 [[教职工信息：2782 	 56823 	 王彬]]
[info]2018/02/28 11:05:38 [[教职工信息：2783 	 56824 	 王丹艺]]
[info]2018/02/28 11:05:38 [[教职工信息：2784 	 56825 	 王刚]]
[info]2018/02/28 11:05:38 [[教职工信息：2785 	 56826 	 王桂芝]]
[info]2018/02/28 11:05:38 [[教职工信息：2786 	 56827 	 王宏]]
[info]2018/02/28 11:05:38 [[教职工信息：2787 	 56828 	 王环宇]]
[info]2018/02/28 11:05:38 [[教职工信息：2788 	 56829 	 王慧秋]]
[info]2018/02/28 11:05:38 [[教职工信息：2789 	 56830 	 王金凤]]
[info]2018/02/28 11:05:38 [[教职工信息：2790 	 56831 	 王久奎]]
[info]2018/02/28 11:05:38 [[教职工信息：2791 	 56832 	 王琨]]
[info]2018/02/28 11:05:38 [[教职工信息：2792 	 56833 	 王力娟]]
[info]2018/02/28 11:05:38 [[教职工信息：2793 	 56834 	 王丽]]
[info]2018/02/28 11:05:38 [[教职工信息：2794 	 56835 	 王萍]]
[info]2018/02/28 11:05:38 [[教职工信息：2795 	 56836 	 王天红]]
[info]2018/02/28 11:05:38 [[教职工信息：2796 	 56837 	 王巍]]
[info]2018/02/28 11:05:38 [[教职工信息：2797 	 56838 	 王维发]]
[info]2018/02/28 11:05:38 [[教职工信息：2798 	 56839 	 王文丽]]
[info]2018/02/28 11:05:38 [[教职工信息：2799 	 56840 	 王相宏]]
[info]2018/02/28 11:05:38 [[教职工信息：2800 	 56841 	 王晓丹]]
[info]2018/02/28 11:05:38 [[教职工信息：2801 	 56842 	 王筱芊]]
[info]2018/02/28 11:05:38 [[教职工信息：2802 	 56843 	 王旭]]
[info]2018/02/28 11:05:38 [[教职工信息：2803 	 56844 	 王雪]]
[info]2018/02/28 11:05:38 [[教职工信息：2804 	 56845 	 王岩]]
[info]2018/02/28 11:05:38 [[教职工信息：2805 	 56846 	 王英玉]]
[info]2018/02/28 11:05:38 [[教职工信息：2806 	 56847 	 王勇慧]]
[info]2018/02/28 11:05:38 [[教职工信息：2807 	 56848 	 王智佳]]
[info]2018/02/28 11:05:38 [[教职工信息：2808 	 56849 	 王珠艳]]
[info]2018/02/28 11:05:38 [[教职工信息：2809 	 56850 	 王梓寒]]
[info]2018/02/28 11:05:38 [[教职工信息：2810 	 56851 	 魏绍珍]]
[info]2018/02/28 11:05:38 [[教职工信息：2811 	 56852 	 魏玉珍]]
[info]2018/02/28 11:05:38 [[教职工信息：2812 	 56853 	 魏镇]]
[info]2018/02/28 11:05:38 [[教职工信息：2813 	 56854 	 翁玮]]
[info]2018/02/28 11:05:39 [[教职工信息：2814 	 56855 	 吴起文]]
[info]2018/02/28 11:05:39 [[教职工信息：2815 	 56856 	 肖洁]]
[info]2018/02/28 11:05:39 [[教职工信息：2816 	 56857 	 肖伍新]]
[info]2018/02/28 11:05:39 [[教职工信息：2817 	 56858 	 谢鸿雁]]
[info]2018/02/28 11:05:39 [[教职工信息：2818 	 56859 	 谢环宇]]
[info]2018/02/28 11:05:39 [[教职工信息：2819 	 56860 	 谢玉娇]]
[info]2018/02/28 11:05:39 [[教职工信息：2820 	 56861 	 徐波]]
[info]2018/02/28 11:05:39 [[教职工信息：2821 	 56862 	 徐晓黎]]
[info]2018/02/28 11:05:39 [[教职工信息：2822 	 56863 	 徐雁冰]]
[info]2018/02/28 11:05:39 [[教职工信息：2823 	 56864 	 许莉]]
[info]2018/02/28 11:05:39 [[教职工信息：2824 	 56865 	 薛艳君]]
[info]2018/02/28 11:05:39 [[教职工信息：2825 	 56866 	 闫春佳]]
[info]2018/02/28 11:05:39 [[教职工信息：2826 	 56867 	 闫春英]]
[info]2018/02/28 11:05:39 [[教职工信息：2827 	 56868 	 闫秀平]]
[info]2018/02/28 11:05:39 [[教职工信息：2828 	 56869 	 杨昌彬]]
[info]2018/02/28 11:05:39 [[教职工信息：2829 	 56870 	 杨东辉]]
[info]2018/02/28 11:05:39 [[教职工信息：2830 	 56871 	 杨桂芹]]
[info]2018/02/28 11:05:39 [[教职工信息：2831 	 56872 	 杨蕙宁]]
[info]2018/02/28 11:05:39 [[教职工信息：2832 	 56873 	 姚继录]]
[info]2018/02/28 11:05:39 [[教职工信息：2833 	 56874 	 殷春霞]]
[info]2018/02/28 11:05:39 [[教职工信息：2834 	 56875 	 尤云生]]
[info]2018/02/28 11:05:39 [[教职工信息：2835 	 56876 	 于晶]]
[info]2018/02/28 11:05:39 [[教职工信息：2836 	 56877 	 于钧波]]
[info]2018/02/28 11:05:39 [[教职工信息：2837 	 56878 	 于淼]]
[info]2018/02/28 11:05:39 [[教职工信息：2838 	 56879 	 于明华]]
[info]2018/02/28 11:05:39 [[教职工信息：2839 	 56880 	 于馨]]
[info]2018/02/28 11:05:39 [[教职工信息：2840 	 56881 	 于彦丽]]
[info]2018/02/28 11:05:39 [[教职工信息：2841 	 56882 	 于艳秋]]
[info]2018/02/28 11:05:39 [[教职工信息：2842 	 56883 	 于玉平]]
[info]2018/02/28 11:05:39 [[教职工信息：2843 	 56884 	 张丹丹]]
[info]2018/02/28 11:05:39 [[教职工信息：2844 	 56885 	 张芳]]
[info]2018/02/28 11:05:39 [[教职工信息：2845 	 56886 	 张辉]]
[info]2018/02/28 11:05:39 [[教职工信息：2846 	 56887 	 张继英]]
[info]2018/02/28 11:05:39 [[教职工信息：2847 	 56888 	 张立春]]
[info]2018/02/28 11:05:39 [[教职工信息：2848 	 56889 	 张丽波]]
[info]2018/02/28 11:05:39 [[教职工信息：2849 	 56890 	 张明]]
[info]2018/02/28 11:05:39 [[教职工信息：2850 	 56891 	 张仁伟]]
[info]2018/02/28 11:05:39 [[教职工信息：2851 	 56892 	 张锐娟]]
[info]2018/02/28 11:05:40 [[教职工信息：2852 	 56893 	 张双喜]]
[info]2018/02/28 11:05:40 [[教职工信息：2853 	 56894 	 张文洁]]
[info]2018/02/28 11:05:40 [[教职工信息：2854 	 56895 	 张晓华]]
[info]2018/02/28 11:05:40 [[教职工信息：2855 	 56896 	 张岩]]
[info]2018/02/28 11:05:40 [[教职工信息：2856 	 56897 	 张艳秀]]
[info]2018/02/28 11:05:40 [[教职工信息：2857 	 56898 	 张云霞]]
[info]2018/02/28 11:05:40 [[教职工信息：2858 	 56899 	 赵宏艳]]
[info]2018/02/28 11:05:40 [[教职工信息：2859 	 56900 	 赵洪义]]
[info]2018/02/28 11:05:40 [[教职工信息：2860 	 56901 	 赵锦武]]
[info]2018/02/28 11:05:40 [[教职工信息：2861 	 56902 	 赵立霞]]
[info]2018/02/28 11:05:40 [[教职工信息：2862 	 56903 	 郑爱芝]]
[info]2018/02/28 11:05:40 [[教职工信息：2863 	 56904 	 郑丽华]]
[info]2018/02/28 11:05:40 [[教职工信息：2864 	 56905 	 仲福英]]
[info]2018/02/28 11:05:40 [[教职工信息：2865 	 56906 	 周国良]]
[info]2018/02/28 11:05:40 [[教职工信息：2866 	 56907 	 周艳艳]]
[info]2018/02/28 11:05:40 [[教职工信息：2867 	 56908 	 朱磊]]
[info]2018/02/28 11:05:40 [[教职工信息：2868 	 56909 	 朱文艳]]
[info]2018/02/28 11:05:40 [[教职工信息：2869 	 56910 	 邹起]]
[info]2018/02/28 11:05:40 [[教职工信息：2870 	 56911 	 陈楠]]
[info]2018/02/28 11:05:40 [[教职工信息：2871 	 56912 	 谢秀春]]
[info]2018/02/28 11:05:40 [[教职工信息：2872 	 56913 	 李洪涛]]
[info]2018/02/28 11:05:40 [[教职工信息：2873 	 56914 	 张海燕]]
[info]2018/02/28 11:05:40 [[教职工信息：2874 	 56915 	 赵永奇]]
[info]2018/02/28 11:05:40 [[教职工信息：2875 	 56916 	 王立国]]
[info]2018/02/28 11:07:21 [[教职工信息：2681 	 56722 	 白琼]]
[info]2018/02/28 11:07:21 [[添加教职工成功]]
[info]2018/02/28 11:07:21 [[教职工信息：2682 	 56723 	 包明华]]
[info]2018/02/28 11:07:22 [[添加教职工成功]]
[info]2018/02/28 11:07:22 [[教职工信息：2683 	 56724 	 毕德文]]
[info]2018/02/28 11:07:22 [[添加教职工成功]]
[info]2018/02/28 11:07:22 [[教职工信息：2684 	 56725 	 毕国珠]]
[info]2018/02/28 11:07:22 [[添加教职工成功]]
[info]2018/02/28 11:07:22 [[教职工信息：2685 	 56726 	 毕玲]]
[info]2018/02/28 11:07:22 [[添加教职工成功]]
[info]2018/02/28 11:07:22 [[教职工信息：2686 	 56727 	 曹慧]]
[info]2018/02/28 11:07:22 [[添加教职工成功]]
[info]2018/02/28 11:07:22 [[教职工信息：2687 	 56728 	 陈宏君]]
[info]2018/02/28 11:07:22 [[添加教职工成功]]
[info]2018/02/28 11:07:22 [[教职工信息：2688 	 56729 	 陈慕芳]]
[info]2018/02/28 11:07:22 [[添加教职工成功]]
[info]2018/02/28 11:07:22 [[教职工信息：2689 	 56730 	 陈琼]]
[info]2018/02/28 11:07:22 [[添加教职工成功]]
[info]2018/02/28 11:07:22 [[教职工信息：2690 	 56731 	 陈文]]
[info]2018/02/28 11:07:22 [[添加教职工成功]]
[info]2018/02/28 11:07:22 [[教职工信息：2691 	 56732 	 程霞]]
[info]2018/02/28 11:07:22 [[添加教职工成功]]
[info]2018/02/28 11:07:22 [[教职工信息：2692 	 56733 	 初梓超]]
[info]2018/02/28 11:07:23 [[添加教职工成功]]
[info]2018/02/28 11:07:23 [[教职工信息：2693 	 56734 	 崔永良]]
[info]2018/02/28 11:07:23 [[添加教职工成功]]
[info]2018/02/28 11:07:23 [[教职工信息：2694 	 56735 	 丁宁]]
[info]2018/02/28 11:07:23 [[添加教职工成功]]
[info]2018/02/28 11:07:23 [[教职工信息：2695 	 56736 	 董莲慧]]
[info]2018/02/28 11:07:23 [[添加教职工成功]]
[info]2018/02/28 11:07:23 [[教职工信息：2696 	 56737 	 杜丽萍]]
[info]2018/02/28 11:07:23 [[添加教职工成功]]
[info]2018/02/28 11:07:23 [[教职工信息：2697 	 56738 	 杜秀英]]
[info]2018/02/28 11:07:23 [[添加教职工成功]]
[info]2018/02/28 11:07:23 [[教职工信息：2698 	 56739 	 冯志慧]]
[info]2018/02/28 11:07:23 [[添加教职工成功]]
[info]2018/02/28 11:07:23 [[教职工信息：2699 	 56740 	 凤丹]]
[info]2018/02/28 11:07:23 [[添加教职工成功]]
[info]2018/02/28 11:07:23 [[教职工信息：2700 	 56741 	 付春峰]]
[info]2018/02/28 11:07:23 [[添加教职工成功]]
[info]2018/02/28 11:07:23 [[教职工信息：2701 	 56742 	 付吏麟]]
[info]2018/02/28 11:07:24 [[添加教职工成功]]
[info]2018/02/28 11:07:24 [[教职工信息：2702 	 56743 	 付艺迪]]
[info]2018/02/28 11:07:24 [[添加教职工成功]]
[info]2018/02/28 11:07:24 [[教职工信息：2703 	 56744 	 高景荣]]
[info]2018/02/28 11:07:24 [[添加教职工成功]]
[info]2018/02/28 11:07:24 [[教职工信息：2704 	 56745 	 高媛]]
[info]2018/02/28 11:07:24 [[添加教职工成功]]
[info]2018/02/28 11:07:24 [[教职工信息：2705 	 56746 	 葛云峰]]
[info]2018/02/28 11:07:24 [[添加教职工成功]]
[info]2018/02/28 11:07:24 [[教职工信息：2706 	 56747 	 耿文敏]]
[info]2018/02/28 11:07:24 [[添加教职工成功]]
[info]2018/02/28 11:07:24 [[教职工信息：2707 	 56748 	 巩德君]]
[info]2018/02/28 11:07:24 [[添加教职工成功]]
[info]2018/02/28 11:07:24 [[教职工信息：2708 	 56749 	 谷金龙]]
[info]2018/02/28 11:07:24 [[添加教职工成功]]
[info]2018/02/28 11:07:24 [[教职工信息：2709 	 56750 	 关太玲]]
[info]2018/02/28 11:07:24 [[添加教职工成功]]
[info]2018/02/28 11:07:24 [[教职工信息：2710 	 56751 	 郭秀荣]]
[info]2018/02/28 11:07:24 [[添加教职工成功]]
[info]2018/02/28 11:07:24 [[教职工信息：2711 	 56752 	 国君]]
[info]2018/02/28 11:07:24 [[添加教职工成功]]
[info]2018/02/28 11:07:24 [[教职工信息：2712 	 56753 	 韩丽英]]
[info]2018/02/28 11:07:24 [[添加教职工成功]]
[info]2018/02/28 11:07:24 [[教职工信息：2713 	 56754 	 韩凉]]
[info]2018/02/28 11:07:25 [[添加教职工成功]]
[info]2018/02/28 11:07:25 [[教职工信息：2714 	 56755 	 何海涛]]
[info]2018/02/28 11:07:25 [[添加教职工成功]]
[info]2018/02/28 11:07:25 [[教职工信息：2715 	 56756 	 侯蕊]]
[info]2018/02/28 11:07:25 [[添加教职工成功]]
[info]2018/02/28 11:07:25 [[教职工信息：2716 	 56757 	 胡艳杰]]
[info]2018/02/28 11:07:25 [[添加教职工成功]]
[info]2018/02/28 11:07:25 [[教职工信息：2717 	 56758 	 胡忠海]]
[info]2018/02/28 11:07:25 [[添加教职工成功]]
[info]2018/02/28 11:07:25 [[教职工信息：2718 	 56759 	 黄嘉君]]
[info]2018/02/28 11:07:25 [[添加教职工成功]]
[info]2018/02/28 11:07:25 [[教职工信息：2719 	 56760 	 黄丽艳]]
[info]2018/02/28 11:07:25 [[添加教职工成功]]
[info]2018/02/28 11:07:25 [[教职工信息：2720 	 56761 	 霍淑艳]]
[info]2018/02/28 11:07:25 [[添加教职工成功]]
[info]2018/02/28 11:07:25 [[教职工信息：2721 	 56762 	 纪宏飞]]
[info]2018/02/28 11:07:25 [[添加教职工成功]]
[info]2018/02/28 11:07:25 [[教职工信息：2722 	 56763 	 江海艳]]
[info]2018/02/28 11:07:26 [[添加教职工成功]]
[info]2018/02/28 11:07:26 [[教职工信息：2723 	 56764 	 姜福禄]]
[info]2018/02/28 11:07:26 [[添加教职工成功]]
[info]2018/02/28 11:07:26 [[教职工信息：2724 	 56765 	 姜军]]
[info]2018/02/28 11:07:26 [[添加教职工成功]]
[info]2018/02/28 11:07:26 [[教职工信息：2725 	 56766 	 姜玉泉]]
[info]2018/02/28 11:07:26 [[添加教职工成功]]
[info]2018/02/28 11:07:26 [[教职工信息：2726 	 56767 	 解秀春]]
[info]2018/02/28 11:07:26 [[添加教职工成功]]
[info]2018/02/28 11:07:26 [[教职工信息：2727 	 56768 	 靳艳萍]]
[info]2018/02/28 11:07:26 [[添加教职工成功]]
[info]2018/02/28 11:07:26 [[教职工信息：2728 	 56769 	 荆冬兰]]
[info]2018/02/28 11:07:26 [[添加教职工成功]]
[info]2018/02/28 11:07:26 [[教职工信息：2729 	 56770 	 景思源]]
[info]2018/02/28 11:07:26 [[添加教职工成功]]
[info]2018/02/28 11:07:26 [[教职工信息：2730 	 56771 	 孔凡雷]]
[info]2018/02/28 11:07:26 [[添加教职工成功]]
[info]2018/02/28 11:07:26 [[教职工信息：2731 	 56772 	 孔静]]
[info]2018/02/28 11:07:26 [[添加教职工成功]]
[info]2018/02/28 11:07:26 [[教职工信息：2732 	 56773 	 兰迟]]
[info]2018/02/28 11:07:26 [[添加教职工成功]]
[info]2018/02/28 11:07:26 [[教职工信息：2733 	 56774 	 雷苗苗]]
[info]2018/02/28 11:07:26 [[添加教职工成功]]
[info]2018/02/28 11:07:26 [[教职工信息：2734 	 56775 	 雷云]]
[info]2018/02/28 11:07:27 [[添加教职工成功]]
[info]2018/02/28 11:07:27 [[教职工信息：2735 	 56776 	 李博]]
[info]2018/02/28 11:07:27 [[添加教职工成功]]
[info]2018/02/28 11:07:27 [[教职工信息：2736 	 56777 	 李博]]
[info]2018/02/28 11:07:27 [[添加教职工成功]]
[info]2018/02/28 11:07:27 [[教职工信息：2737 	 56778 	 李传玉]]
[info]2018/02/28 11:07:27 [[添加教职工成功]]
[info]2018/02/28 11:07:27 [[教职工信息：2738 	 56779 	 李惠玲]]
[info]2018/02/28 11:07:27 [[添加教职工成功]]
[info]2018/02/28 11:07:27 [[教职工信息：2739 	 56780 	 李江波]]
[info]2018/02/28 11:07:27 [[添加教职工成功]]
[info]2018/02/28 11:07:27 [[教职工信息：2740 	 56781 	 李金茹]]
[info]2018/02/28 11:07:27 [[添加教职工成功]]
[info]2018/02/28 11:07:27 [[教职工信息：2741 	 56782 	 李晶]]
[info]2018/02/28 11:07:27 [[添加教职工成功]]
[info]2018/02/28 11:07:27 [[教职工信息：2742 	 56783 	 李静]]
[info]2018/02/28 11:07:27 [[添加教职工成功]]
[info]2018/02/28 11:07:27 [[教职工信息：2743 	 56784 	 李密]]
[info]2018/02/28 11:07:27 [[添加教职工成功]]
[info]2018/02/28 11:07:27 [[教职工信息：2744 	 56785 	 李思漫]]
[info]2018/02/28 11:07:28 [[添加教职工成功]]
[info]2018/02/28 11:07:28 [[教职工信息：2745 	 56786 	 梁莉]]
[info]2018/02/28 11:07:28 [[添加教职工成功]]
[info]2018/02/28 11:07:28 [[教职工信息：2746 	 56787 	 刘彬]]
[info]2018/02/28 11:07:28 [[添加教职工成功]]
[info]2018/02/28 11:07:28 [[教职工信息：2747 	 56788 	 刘冰]]
[info]2018/02/28 11:07:28 [[添加教职工成功]]
[info]2018/02/28 11:07:28 [[教职工信息：2748 	 56789 	 刘海军]]
[info]2018/02/28 11:07:28 [[添加教职工成功]]
[info]2018/02/28 11:07:28 [[教职工信息：2749 	 56790 	 刘红波]]
[info]2018/02/28 11:07:28 [[添加教职工成功]]
[info]2018/02/28 11:07:28 [[教职工信息：2750 	 56791 	 刘利峰]]
[info]2018/02/28 11:07:28 [[添加教职工成功]]
[info]2018/02/28 11:07:28 [[教职工信息：2751 	 56792 	 刘威高]]
[info]2018/02/28 11:07:28 [[添加教职工成功]]
[info]2018/02/28 11:07:28 [[教职工信息：2752 	 56793 	 刘晓光]]
[info]2018/02/28 11:07:28 [[添加教职工成功]]
[info]2018/02/28 11:07:28 [[教职工信息：2753 	 56794 	 刘昕婕]]
[info]2018/02/28 11:07:28 [[添加教职工成功]]
[info]2018/02/28 11:07:28 [[教职工信息：2754 	 56795 	 刘永明]]
[info]2018/02/28 11:07:29 [[添加教职工成功]]
[info]2018/02/28 11:07:29 [[教职工信息：2755 	 56796 	 陆永义]]
[info]2018/02/28 11:07:29 [[添加教职工成功]]
[info]2018/02/28 11:07:29 [[教职工信息：2756 	 56797 	 吕晗菲]]
[info]2018/02/28 11:07:29 [[添加教职工成功]]
[info]2018/02/28 11:07:29 [[教职工信息：2757 	 56798 	 吕红杰]]
[info]2018/02/28 11:07:29 [[添加教职工成功]]
[info]2018/02/28 11:07:29 [[教职工信息：2758 	 56799 	 伦涛]]
[info]2018/02/28 11:07:29 [[添加教职工成功]]
[info]2018/02/28 11:07:29 [[教职工信息：2759 	 56800 	 罗大涛]]
[info]2018/02/28 11:07:29 [[添加教职工成功]]
[info]2018/02/28 11:07:29 [[教职工信息：2760 	 56801 	 罗艳强]]
[info]2018/02/28 11:07:29 [[添加教职工成功]]
[info]2018/02/28 11:07:29 [[教职工信息：2761 	 56802 	 马春辉]]
[info]2018/02/28 11:07:29 [[添加教职工成功]]
[info]2018/02/28 11:07:29 [[教职工信息：2762 	 56803 	 马海燕]]
[info]2018/02/28 11:07:29 [[添加教职工成功]]
[info]2018/02/28 11:07:29 [[教职工信息：2763 	 56804 	 孟江红]]
[info]2018/02/28 11:07:29 [[添加教职工成功]]
[info]2018/02/28 11:07:29 [[教职工信息：2764 	 56805 	 倪会]]
[info]2018/02/28 11:07:30 [[添加教职工成功]]
[info]2018/02/28 11:07:30 [[教职工信息：2765 	 56806 	 齐博]]
[info]2018/02/28 11:07:30 [[添加教职工成功]]
[info]2018/02/28 11:07:30 [[教职工信息：2766 	 56807 	 乔宏]]
[info]2018/02/28 11:07:30 [[添加教职工成功]]
[info]2018/02/28 11:07:30 [[教职工信息：2767 	 56808 	 秦惠玲]]
[info]2018/02/28 11:07:30 [[添加教职工成功]]
[info]2018/02/28 11:07:30 [[教职工信息：2768 	 56809 	 邱红新]]
[info]2018/02/28 11:07:30 [[添加教职工成功]]
[info]2018/02/28 11:07:30 [[教职工信息：2769 	 56810 	 任波]]
[info]2018/02/28 11:07:30 [[添加教职工成功]]
[info]2018/02/28 11:07:30 [[教职工信息：2770 	 56811 	 任峰松]]
[info]2018/02/28 11:07:30 [[添加教职工成功]]
[info]2018/02/28 11:07:30 [[教职工信息：2771 	 56812 	 商宁]]
[info]2018/02/28 11:07:30 [[添加教职工成功]]
[info]2018/02/28 11:07:30 [[教职工信息：2772 	 56813 	 尚春义]]
[info]2018/02/28 11:07:30 [[添加教职工成功]]
[info]2018/02/28 11:07:30 [[教职工信息：2773 	 56814 	 石小东]]
[info]2018/02/28 11:07:30 [[添加教职工成功]]
[info]2018/02/28 11:07:30 [[教职工信息：2774 	 56815 	 史杰]]
[info]2018/02/28 11:07:30 [[添加教职工成功]]
[info]2018/02/28 11:07:30 [[教职工信息：2775 	 56816 	 宋冬梅]]
[info]2018/02/28 11:07:31 [[添加教职工成功]]
[info]2018/02/28 11:07:31 [[教职工信息：2776 	 56817 	 宋靖]]
[info]2018/02/28 11:07:31 [[添加教职工成功]]
[info]2018/02/28 11:07:31 [[教职工信息：2777 	 56818 	 苏春香]]
[info]2018/02/28 11:07:31 [[添加教职工成功]]
[info]2018/02/28 11:07:31 [[教职工信息：2778 	 56819 	 孙光]]
[info]2018/02/28 11:07:31 [[添加教职工成功]]
[info]2018/02/28 11:07:31 [[教职工信息：2779 	 56820 	 孙鹤婷]]
[info]2018/02/28 11:07:31 [[添加教职工成功]]
[info]2018/02/28 11:07:31 [[教职工信息：2780 	 56821 	 孙佳年]]
[info]2018/02/28 11:07:31 [[添加教职工成功]]
[info]2018/02/28 11:07:31 [[教职工信息：2781 	 56822 	 陶明]]
[info]2018/02/28 11:07:31 [[添加教职工成功]]
[info]2018/02/28 11:07:31 [[教职工信息：2782 	 56823 	 王彬]]
[info]2018/02/28 11:07:31 [[添加教职工成功]]
[info]2018/02/28 11:07:31 [[教职工信息：2783 	 56824 	 王丹艺]]
[info]2018/02/28 11:07:31 [[添加教职工成功]]
[info]2018/02/28 11:07:31 [[教职工信息：2784 	 56825 	 王刚]]
[info]2018/02/28 11:07:31 [[添加教职工成功]]
[info]2018/02/28 11:07:31 [[教职工信息：2785 	 56826 	 王桂芝]]
[info]2018/02/28 11:07:31 [[添加教职工成功]]
[info]2018/02/28 11:07:31 [[教职工信息：2786 	 56827 	 王宏]]
[info]2018/02/28 11:07:32 [[添加教职工成功]]
[info]2018/02/28 11:07:32 [[教职工信息：2787 	 56828 	 王环宇]]
[info]2018/02/28 11:07:32 [[添加教职工成功]]
[info]2018/02/28 11:07:32 [[教职工信息：2788 	 56829 	 王慧秋]]
[info]2018/02/28 11:07:32 [[添加教职工成功]]
[info]2018/02/28 11:07:32 [[教职工信息：2789 	 56830 	 王金凤]]
[info]2018/02/28 11:07:32 [[添加教职工成功]]
[info]2018/02/28 11:07:32 [[教职工信息：2790 	 56831 	 王久奎]]
[info]2018/02/28 11:07:32 [[添加教职工成功]]
[info]2018/02/28 11:07:32 [[教职工信息：2791 	 56832 	 王琨]]
[info]2018/02/28 11:07:32 [[添加教职工成功]]
[info]2018/02/28 11:07:32 [[教职工信息：2792 	 56833 	 王力娟]]
[info]2018/02/28 11:07:32 [[添加教职工成功]]
[info]2018/02/28 11:07:32 [[教职工信息：2793 	 56834 	 王丽]]
[info]2018/02/28 11:07:32 [[添加教职工成功]]
[info]2018/02/28 11:07:32 [[教职工信息：2794 	 56835 	 王萍]]
[info]2018/02/28 11:07:32 [[添加教职工成功]]
[info]2018/02/28 11:07:32 [[教职工信息：2795 	 56836 	 王天红]]
[info]2018/02/28 11:07:32 [[添加教职工成功]]
[info]2018/02/28 11:07:32 [[教职工信息：2796 	 56837 	 王巍]]
[info]2018/02/28 11:07:32 [[添加教职工成功]]
[info]2018/02/28 11:07:32 [[教职工信息：2797 	 56838 	 王维发]]
[info]2018/02/28 11:07:33 [[添加教职工成功]]
[info]2018/02/28 11:07:33 [[教职工信息：2798 	 56839 	 王文丽]]
[info]2018/02/28 11:07:33 [[添加教职工成功]]
[info]2018/02/28 11:07:33 [[教职工信息：2799 	 56840 	 王相宏]]
[info]2018/02/28 11:07:33 [[添加教职工成功]]
[info]2018/02/28 11:07:33 [[教职工信息：2800 	 56841 	 王晓丹]]
[info]2018/02/28 11:07:33 [[添加教职工成功]]
[info]2018/02/28 11:07:33 [[教职工信息：2801 	 56842 	 王筱芊]]
[info]2018/02/28 11:07:33 [[添加教职工成功]]
[info]2018/02/28 11:07:33 [[教职工信息：2802 	 56843 	 王旭]]
[info]2018/02/28 11:07:33 [[添加教职工成功]]
[info]2018/02/28 11:07:33 [[教职工信息：2803 	 56844 	 王雪]]
[info]2018/02/28 11:07:33 [[添加教职工成功]]
[info]2018/02/28 11:07:33 [[教职工信息：2804 	 56845 	 王岩]]
[info]2018/02/28 11:07:33 [[添加教职工成功]]
[info]2018/02/28 11:07:33 [[教职工信息：2805 	 56846 	 王英玉]]
[info]2018/02/28 11:07:33 [[添加教职工成功]]
[info]2018/02/28 11:07:33 [[教职工信息：2806 	 56847 	 王勇慧]]
[info]2018/02/28 11:07:33 [[添加教职工成功]]
[info]2018/02/28 11:07:33 [[教职工信息：2807 	 56848 	 王智佳]]
[info]2018/02/28 11:07:34 [[添加教职工成功]]
[info]2018/02/28 11:07:34 [[教职工信息：2808 	 56849 	 王珠艳]]
[info]2018/02/28 11:07:34 [[添加教职工成功]]
[info]2018/02/28 11:07:34 [[教职工信息：2809 	 56850 	 王梓寒]]
[info]2018/02/28 11:07:34 [[添加教职工成功]]
[info]2018/02/28 11:07:34 [[教职工信息：2810 	 56851 	 魏绍珍]]
[info]2018/02/28 11:07:34 [[添加教职工成功]]
[info]2018/02/28 11:07:34 [[教职工信息：2811 	 56852 	 魏玉珍]]
[info]2018/02/28 11:07:34 [[添加教职工成功]]
[info]2018/02/28 11:07:34 [[教职工信息：2812 	 56853 	 魏镇]]
[info]2018/02/28 11:07:34 [[添加教职工成功]]
[info]2018/02/28 11:07:34 [[教职工信息：2813 	 56854 	 翁玮]]
[info]2018/02/28 11:07:34 [[添加教职工成功]]
[info]2018/02/28 11:07:34 [[教职工信息：2814 	 56855 	 吴起文]]
[info]2018/02/28 11:07:34 [[添加教职工成功]]
[info]2018/02/28 11:07:34 [[教职工信息：2815 	 56856 	 肖洁]]
[info]2018/02/28 11:07:34 [[添加教职工成功]]
[info]2018/02/28 11:07:34 [[教职工信息：2816 	 56857 	 肖伍新]]
[info]2018/02/28 11:07:34 [[添加教职工成功]]
[info]2018/02/28 11:07:34 [[教职工信息：2817 	 56858 	 谢鸿雁]]
[info]2018/02/28 11:07:34 [[添加教职工成功]]
[info]2018/02/28 11:07:34 [[教职工信息：2818 	 56859 	 谢环宇]]
[info]2018/02/28 11:07:35 [[添加教职工成功]]
[info]2018/02/28 11:07:35 [[教职工信息：2819 	 56860 	 谢玉娇]]
[info]2018/02/28 11:07:35 [[添加教职工成功]]
[info]2018/02/28 11:07:35 [[教职工信息：2820 	 56861 	 徐波]]
[info]2018/02/28 11:07:35 [[添加教职工成功]]
[info]2018/02/28 11:07:35 [[教职工信息：2821 	 56862 	 徐晓黎]]
[info]2018/02/28 11:07:35 [[添加教职工成功]]
[info]2018/02/28 11:07:35 [[教职工信息：2822 	 56863 	 徐雁冰]]
[info]2018/02/28 11:07:35 [[添加教职工成功]]
[info]2018/02/28 11:07:35 [[教职工信息：2823 	 56864 	 许莉]]
[info]2018/02/28 11:07:35 [[添加教职工成功]]
[info]2018/02/28 11:07:35 [[教职工信息：2824 	 56865 	 薛艳君]]
[info]2018/02/28 11:07:35 [[添加教职工成功]]
[info]2018/02/28 11:07:35 [[教职工信息：2825 	 56866 	 闫春佳]]
[info]2018/02/28 11:07:35 [[添加教职工成功]]
[info]2018/02/28 11:07:35 [[教职工信息：2826 	 56867 	 闫春英]]
[info]2018/02/28 11:07:35 [[添加教职工成功]]
[info]2018/02/28 11:07:35 [[教职工信息：2827 	 56868 	 闫秀平]]
[info]2018/02/28 11:07:36 [[添加教职工成功]]
[info]2018/02/28 11:07:36 [[教职工信息：2828 	 56869 	 杨昌彬]]
[info]2018/02/28 11:07:36 [[添加教职工成功]]
[info]2018/02/28 11:07:36 [[教职工信息：2829 	 56870 	 杨东辉]]
[info]2018/02/28 11:07:36 [[添加教职工成功]]
[info]2018/02/28 11:07:36 [[教职工信息：2830 	 56871 	 杨桂芹]]
[info]2018/02/28 11:07:36 [[添加教职工成功]]
[info]2018/02/28 11:07:36 [[教职工信息：2831 	 56872 	 杨蕙宁]]
[info]2018/02/28 11:07:36 [[添加教职工成功]]
[info]2018/02/28 11:07:36 [[教职工信息：2832 	 56873 	 姚继录]]
[info]2018/02/28 11:07:36 [[添加教职工成功]]
[info]2018/02/28 11:07:36 [[教职工信息：2833 	 56874 	 殷春霞]]
[info]2018/02/28 11:07:36 [[添加教职工成功]]
[info]2018/02/28 11:07:36 [[教职工信息：2834 	 56875 	 尤云生]]
[info]2018/02/28 11:07:36 [[添加教职工成功]]
[info]2018/02/28 11:07:36 [[教职工信息：2835 	 56876 	 于晶]]
[info]2018/02/28 11:07:37 [[添加教职工成功]]
[info]2018/02/28 11:07:37 [[教职工信息：2836 	 56877 	 于钧波]]
[info]2018/02/28 11:07:37 [[添加教职工成功]]
[info]2018/02/28 11:07:37 [[教职工信息：2837 	 56878 	 于淼]]
[info]2018/02/28 11:07:37 [[添加教职工成功]]
[info]2018/02/28 11:07:37 [[教职工信息：2838 	 56879 	 于明华]]
[info]2018/02/28 11:07:37 [[添加教职工成功]]
[info]2018/02/28 11:07:37 [[教职工信息：2839 	 56880 	 于馨]]
[info]2018/02/28 11:07:37 [[添加教职工成功]]
[info]2018/02/28 11:07:37 [[教职工信息：2840 	 56881 	 于彦丽]]
[info]2018/02/28 11:07:37 [[添加教职工成功]]
[info]2018/02/28 11:07:37 [[教职工信息：2841 	 56882 	 于艳秋]]
[info]2018/02/28 11:07:37 [[添加教职工成功]]
[info]2018/02/28 11:07:37 [[教职工信息：2842 	 56883 	 于玉平]]
[info]2018/02/28 11:07:37 [[添加教职工成功]]
[info]2018/02/28 11:07:37 [[教职工信息：2843 	 56884 	 张丹丹]]
[info]2018/02/28 11:07:37 [[添加教职工成功]]
[info]2018/02/28 11:07:37 [[教职工信息：2844 	 56885 	 张芳]]
[info]2018/02/28 11:07:37 [[添加教职工成功]]
[info]2018/02/28 11:07:37 [[教职工信息：2845 	 56886 	 张辉]]
[info]2018/02/28 11:07:37 [[添加教职工成功]]
[info]2018/02/28 11:07:37 [[教职工信息：2846 	 56887 	 张继英]]
[info]2018/02/28 11:07:38 [[添加教职工成功]]
[info]2018/02/28 11:07:38 [[教职工信息：2847 	 56888 	 张立春]]
[info]2018/02/28 11:07:38 [[添加教职工成功]]
[info]2018/02/28 11:07:38 [[教职工信息：2848 	 56889 	 张丽波]]
[info]2018/02/28 11:07:38 [[添加教职工成功]]
[info]2018/02/28 11:07:38 [[教职工信息：2849 	 56890 	 张明]]
[info]2018/02/28 11:07:38 [[添加教职工成功]]
[info]2018/02/28 11:07:38 [[教职工信息：2850 	 56891 	 张仁伟]]
[info]2018/02/28 11:07:38 [[添加教职工成功]]
[info]2018/02/28 11:07:38 [[教职工信息：2851 	 56892 	 张锐娟]]
[info]2018/02/28 11:07:38 [[添加教职工成功]]
[info]2018/02/28 11:07:38 [[教职工信息：2852 	 56893 	 张双喜]]
[info]2018/02/28 11:07:38 [[添加教职工成功]]
[info]2018/02/28 11:07:38 [[教职工信息：2853 	 56894 	 张文洁]]
[info]2018/02/28 11:07:38 [[添加教职工成功]]
[info]2018/02/28 11:07:38 [[教职工信息：2854 	 56895 	 张晓华]]
[info]2018/02/28 11:07:39 [[添加教职工成功]]
[info]2018/02/28 11:07:39 [[教职工信息：2855 	 56896 	 张岩]]
[info]2018/02/28 11:07:39 [[添加教职工成功]]
[info]2018/02/28 11:07:39 [[教职工信息：2856 	 56897 	 张艳秀]]
[info]2018/02/28 11:07:39 [[添加教职工成功]]
[info]2018/02/28 11:07:39 [[教职工信息：2857 	 56898 	 张云霞]]
[info]2018/02/28 11:07:39 [[添加教职工成功]]
[info]2018/02/28 11:07:39 [[教职工信息：2858 	 56899 	 赵宏艳]]
[info]2018/02/28 11:07:39 [[添加教职工成功]]
[info]2018/02/28 11:07:39 [[教职工信息：2859 	 56900 	 赵洪义]]
[info]2018/02/28 11:07:39 [[添加教职工成功]]
[info]2018/02/28 11:07:39 [[教职工信息：2860 	 56901 	 赵锦武]]
[info]2018/02/28 11:07:39 [[添加教职工成功]]
[info]2018/02/28 11:07:39 [[教职工信息：2861 	 56902 	 赵立霞]]
[info]2018/02/28 11:07:40 [[添加教职工成功]]
[info]2018/02/28 11:07:40 [[教职工信息：2862 	 56903 	 郑爱芝]]
[info]2018/02/28 11:07:40 [[添加教职工成功]]
[info]2018/02/28 11:07:40 [[教职工信息：2863 	 56904 	 郑丽华]]
[info]2018/02/28 11:07:40 [[添加教职工成功]]
[info]2018/02/28 11:07:40 [[教职工信息：2864 	 56905 	 仲福英]]
[info]2018/02/28 11:07:40 [[添加教职工成功]]
[info]2018/02/28 11:07:40 [[教职工信息：2865 	 56906 	 周国良]]
[info]2018/02/28 11:07:40 [[添加教职工成功]]
[info]2018/02/28 11:07:40 [[教职工信息：2866 	 56907 	 周艳艳]]
[info]2018/02/28 11:07:40 [[添加教职工成功]]
[info]2018/02/28 11:07:40 [[教职工信息：2867 	 56908 	 朱磊]]
[info]2018/02/28 11:07:40 [[添加教职工成功]]
[info]2018/02/28 11:07:40 [[教职工信息：2868 	 56909 	 朱文艳]]
[info]2018/02/28 11:07:40 [[添加教职工成功]]
[info]2018/02/28 11:07:40 [[教职工信息：2869 	 56910 	 邹起]]
[info]2018/02/28 11:07:41 [[添加教职工成功]]
[info]2018/02/28 11:07:41 [[教职工信息：2870 	 56911 	 陈楠]]
[info]2018/02/28 11:07:41 [[添加教职工成功]]
[info]2018/02/28 11:07:41 [[教职工信息：2871 	 56912 	 谢秀春]]
[info]2018/02/28 11:07:41 [[添加教职工成功]]
[info]2018/02/28 11:07:41 [[教职工信息：2872 	 56913 	 李洪涛]]
[info]2018/02/28 11:07:41 [[添加教职工成功]]
[info]2018/02/28 11:07:41 [[教职工信息：2873 	 56914 	 张海燕]]
[info]2018/02/28 11:07:41 [[添加教职工成功]]
[info]2018/02/28 11:07:41 [[教职工信息：2874 	 56915 	 赵永奇]]
[info]2018/02/28 11:07:41 [[添加教职工成功]]
[info]2018/02/28 11:07:41 [[教职工信息：2875 	 56916 	 王立国]]
[info]2018/02/28 11:07:41 [[添加教职工成功]]
