[info]2018/01/15 10:01:05 [程序启动（中控人脸识别结果上传到服务器）...]
[info]2018/01/15 10:01:06 [总共 4 条记录]
[info]2018/01/15 10:01:06 [496460 	 15066 	 陈红钢 	 2018-01-15 09:44:02 	 4134173000463 	 0]
[info]2018/01/15 10:01:06 [上传数据返回: {"code":-1,"msg":"device not find"}]
[info]2018/01/15 10:01:07 [496460 	 15066 	 陈红钢 	 2018-01-15 09:44:02 	 4134173000463 	 0]
[info]2018/01/15 10:01:07 [上传数据返回: {"code":-1,"msg":"device not find"}]
[info]2018/01/15 10:01:07 [496461 	 15066 	 陈红钢 	 2018-01-15 09:35:39 	 4134173000463 	 0]
[info]2018/01/15 10:01:07 [上传数据返回: {"code":-1,"msg":"device not find"}]
[info]2018/01/15 10:01:07 [496461 	 15066 	 陈红钢 	 2018-01-15 09:35:39 	 4134173000463 	 0]
[info]2018/01/15 10:01:07 [上传数据返回: {"code":-1,"msg":"device not find"}]
[info]2018/01/15 10:01:11 [总共 0 条记录]
[info]2018/01/15 10:01:14 [总共 0 条记录]
[info]2018/01/15 10:01:17 [总共 0 条记录]
[info]2018/01/15 10:01:20 [总共 0 条记录]
[info]2018/01/15 10:01:23 [总共 0 条记录]
[info]2018/01/15 10:07:18 [程序启动（中控人脸识别结果上传到服务器）...]
[info]2018/01/15 10:07:19 [总共 0 条记录]
[info]2018/01/15 10:07:22 [总共 0 条记录]
[info]2018/01/15 10:07:25 [总共 0 条记录]
[info]2018/01/15 10:08:24 [程序启动（中控人脸识别结果上传到服务器）...]
[info]2018/01/15 10:08:24 [总共 2 条记录]
[info]2018/01/15 10:08:24 [496460 	 15066 	 陈红钢 	 2018-01-15 09:44:02 	 4134173000463 	 0]
[info]2018/01/15 10:08:24 [上传数据返回: {"code":1,"data":{"id":"174724"}}]
[info]2018/01/15 10:08:24 [496461 	 15066 	 陈红钢 	 2018-01-15 09:35:39 	 4134173000463 	 0]
[info]2018/01/15 10:08:25 [上传数据返回: {"code":1,"data":{"id":"174725"}}]
[info]2018/01/15 10:08:28 [总共 0 条记录]
[info]2018/01/15 10:08:31 [总共 0 条记录]
[info]2018/01/15 10:11:46 [程序启动（中控人脸识别结果上传到服务器）...]
[info]2018/01/15 10:11:46 [总共 2 条记录]
[info]2018/01/15 10:11:46 [496460 	 15066 	 陈红钢 	 2018-01-15 09:44:02 	 4134173000463 	 0]
[info]2018/01/15 10:11:46 [上传数据返回: {"code":1,"data":{"id":"174726"}}]
[info]2018/01/15 10:11:46 [496461 	 15066 	 陈红钢 	 2018-01-15 09:35:39 	 4134173000463 	 0]
[info]2018/01/15 10:11:46 [上传数据返回: {"code":1,"data":{"id":"174727"}}]
[info]2018/01/15 10:11:50 [总共 2 条记录]
[info]2018/01/15 10:11:50 [496460 	 15066 	 陈红钢 	 2018-01-15 09:44:02 	 4134173000463 	 0]
[info]2018/01/15 10:11:50 [上传数据返回: {"code":1,"data":{"id":"174728"}}]
[info]2018/01/15 10:11:50 [496461 	 15066 	 陈红钢 	 2018-01-15 09:35:39 	 4134173000463 	 0]
[info]2018/01/15 10:11:50 [上传数据返回: {"code":1,"data":{"id":"174729"}}]
[info]2018/01/15 10:11:54 [总共 0 条记录]
[info]2018/01/15 10:11:57 [总共 0 条记录]
[info]2018/01/15 10:12:00 [总共 0 条记录]
[info]2018/01/15 10:12:03 [总共 0 条记录]
[info]2018/01/15 10:12:06 [总共 0 条记录]
[info]2018/01/15 10:12:09 [总共 0 条记录]
[info]2018/01/15 10:12:23 [程序启动（中控人脸识别结果上传到服务器）...]
[info]2018/01/15 10:12:23 [总共 0 条记录]
[info]2018/01/15 10:14:47 [程序启动（中控人脸识别结果上传到服务器）...]
[info]2018/01/15 10:14:47 [总共 0 条记录]
[info]2018/01/15 10:17:09 [程序启动（中控人脸识别结果上传到服务器）...]
[info]2018/01/15 10:17:09 [总共 2 条记录]
[info]2018/01/15 10:17:09 [496460 	 15066 	 陈红钢 	 2018-01-15 09:44:02 	 4134173000463 	 0]
[info]2018/01/15 10:17:10 [上传数据返回: {"code":1,"data":{"id":"174730"}}]
[info]2018/01/15 10:17:10 [496461 	 15066 	 陈红钢 	 2018-01-15 09:35:39 	 4134173000463 	 0]
[info]2018/01/15 10:17:10 [上传数据返回: {"code":1,"data":{"id":"174731"}}]
[info]2018/01/15 10:18:33 [程序启动（中控人脸识别结果上传到服务器）...]
[info]2018/01/15 10:18:33 [总共 2 条记录]
[info]2018/01/15 10:18:33 [496460 	 15066 	 陈红钢 	 2018-01-15 09:44:02 	 4134173000463 	 0]
[info]2018/01/15 10:18:33 [上传数据返回: {"code":1,"data":{"id":"174732"}}]
[info]2018/01/15 10:18:33 [496461 	 15066 	 陈红钢 	 2018-01-15 09:35:39 	 4134173000463 	 0]
[info]2018/01/15 10:18:33 [上传数据返回: {"code":1,"data":{"id":"174733"}}]
[info]2018/01/15 10:19:19 [程序启动（中控人脸识别结果上传到服务器）...]
[info]2018/01/15 10:19:19 [总共 2 条记录]
[info]2018/01/15 10:19:19 [496460 	 15066 	 陈红钢 	 2018-01-15 09:44:02 	 4134173000463 	 0]
[info]2018/01/15 10:19:19 [上传数据返回: {"code":1,"data":{"id":"174734"}}]
[info]2018/01/15 10:19:19 [496461 	 15066 	 陈红钢 	 2018-01-15 09:35:39 	 4134173000463 	 0]
[info]2018/01/15 10:19:19 [上传数据返回: {"code":1,"data":{"id":"174735"}}]
[info]2018/01/15 10:31:39 [[程序启动（中控人脸识别结果上传到服务器）...]]
[info]2018/01/15 10:31:39 [[总共 2 条记录]]
[info]2018/01/15 10:31:39 [[496460 	 15066 	 陈红钢 	 2018-01-15 09:44:02 	 4134173000463 	 0]]
[info]2018/01/15 10:31:39 [[上传数据返回: {"code":1,"data":{"id":"174736"}}]]
[info]2018/01/15 10:31:39 [[496461 	 15066 	 陈红钢 	 2018-01-15 09:35:39 	 4134173000463 	 0]]
[info]2018/01/15 10:31:39 [[上传数据返回: {"code":1,"data":{"id":"174737"}}]]
[info]2018/01/15 10:32:09 [[程序启动（中控人脸识别结果上传到服务器）...]]
[info]2018/01/15 10:32:09 [[总共 2 条记录]]
[info]2018/01/15 10:32:09 [[496460 	 15066 	 陈红钢 	 2018-01-15 09:44:02 	 4134173000463 	 0]]
[info]2018/01/15 10:32:10 [[上传数据返回: {"code":1,"data":{"id":"174738"}}]]
[info]2018/01/15 10:32:10 [[496461 	 15066 	 陈红钢 	 2018-01-15 09:35:39 	 4134173000463 	 0]]
[info]2018/01/15 10:32:10 [[上传数据返回: {"code":1,"data":{"id":"174739"}}]]
[info]2018/01/15 10:34:31 [[程序启动（中控人脸识别结果上传到服务器）...]]
[info]2018/01/15 10:34:31 [[总共 2 条记录]]
[info]2018/01/15 10:34:31 [[496460 	 15066 	 陈红钢 	 2018-01-15 09:44:02 	 4134173000463 	 0]]
[info]2018/01/15 10:34:31 [[上传失败 Post http://zhxy111.jxhlw.com/api/ZkAttendance/add: dial tcp: lookup zhxy111.jxhlw.com: no such host]]
[info]2018/01/15 10:35:50 [[程序启动（中控人脸识别结果上传到服务器）...]]
[info]2018/01/15 10:35:51 [[总共 2 条记录]]
[info]2018/01/15 10:35:51 [[496460 	 15066 	 陈红钢 	 2018-01-15 09:44:02 	 4134173000463 	 0]]
[info]2018/01/15 10:35:51 [[上传失败 Post http://zhxy111.jxhlw.com/api/ZkAttendance/add: dial tcp: lookup zhxy111.jxhlw.com: no such host]]
[info]2018/01/15 10:36:16 [[程序启动（中控人脸识别结果上传到服务器）...]]
[info]2018/01/15 10:36:16 [[总共 2 条记录]]
[info]2018/01/15 10:36:16 [[496460 	 15066 	 陈红钢 	 2018-01-15 09:44:02 	 4134173000463 	 0]]
[info]2018/01/15 10:36:16 [[上传失败 Post http://zhxy111.jxhlw.com/api/ZkAttendance/add: dial tcp: lookup zhxy111.jxhlw.com: no such host]]
[info]2018/01/15 10:37:02 [[程序启动（中控人脸识别结果上传到服务器）...]]
[info]2018/01/15 10:37:02 [[总共 2 条记录]]
[info]2018/01/15 10:37:02 [[496460 	 15066 	 陈红钢 	 2018-01-15 09:44:02 	 4134173000463 	 0]]
[info]2018/01/15 10:37:02 [[上传失败 Post http://zhxy111.jxhlw.com/api/ZkAttendance/add: dial tcp: lookup zhxy111.jxhlw.com: no such host]]
[info]2018/01/15 10:44:30 [[程序启动（中控人脸识别结果上传到服务器）...]]
[info]2018/01/15 10:44:30 [[总共 2 条记录]]
[info]2018/01/15 10:44:30 [[496460 	 15066 	 陈红钢 	 2018-01-15 09:44:02 	 4134173000463 	 0]]
[info]2018/01/15 10:44:30 [[上传失败 Post http://zhxy111.jxhlw.com/api/ZkAttendance/add: dial tcp: lookup zhxy111.jxhlw.com: no such host]]
[info]2018/01/15 10:44:30 [[496461 	 15066 	 陈红钢 	 2018-01-15 09:35:39 	 4134173000463 	 0]]
[info]2018/01/15 10:44:30 [[上传失败 Post http://zhxy111.jxhlw.com/api/ZkAttendance/add: dial tcp: lookup zhxy111.jxhlw.com: no such host]]
[info]2018/01/15 10:46:48 [[程序启动（中控人脸识别结果上传到服务器）...]]
[info]2018/01/15 10:46:49 [[总共 2 条记录]]
[info]2018/01/15 10:46:49 [[496460 	 15066 	 陈红钢 	 2018-01-15 09:44:02 	 4134173000463 	 0]]
[info]2018/01/15 10:46:49 [[上传失败 Post http://zhxy111.jxhlw.com/api/ZkAttendance/add: dial tcp: lookup zhxy111.jxhlw.com: no such host]]
[info]2018/01/15 10:46:49 [[496461 	 15066 	 陈红钢 	 2018-01-15 09:35:39 	 4134173000463 	 0]]
[info]2018/01/15 10:46:49 [[上传失败 Post http://zhxy111.jxhlw.com/api/ZkAttendance/add: dial tcp: lookup zhxy111.jxhlw.com: no such host]]
[info]2018/01/15 10:48:30 [[程序启动（中控人脸识别结果上传到服务器）...]]
[info]2018/01/15 10:48:30 [[总共 2 条记录]]
[info]2018/01/15 10:48:30 [[496460 	 15066 	 陈红钢 	 2018-01-15 09:44:02 	 4134173000463 	 0]]
[info]2018/01/15 10:48:30 [[上传失败 Post http://zhxy111.jxhlw.com/api/ZkAttendance/add: dial tcp: lookup zhxy111.jxhlw.com: no such host]]
[info]2018/01/15 10:48:30 [[496461 	 15066 	 陈红钢 	 2018-01-15 09:35:39 	 4134173000463 	 0]]
[info]2018/01/15 10:48:30 [[上传失败 Post http://zhxy111.jxhlw.com/api/ZkAttendance/add: dial tcp: lookup zhxy111.jxhlw.com: no such host]]
[info]2018/01/15 10:49:01 [[程序启动（中控人脸识别结果上传到服务器）...]]
[info]2018/01/15 10:49:01 [[总共 2 条记录]]
[info]2018/01/15 10:49:01 [[496460 	 15066 	 陈红钢 	 2018-01-15 09:44:02 	 4134173000463 	 0]]
[info]2018/01/15 10:49:01 [[上传失败 Post http://zhxy111.jxhlw.com/api/ZkAttendance/add: dial tcp: lookup zhxy111.jxhlw.com: no such host]]
[info]2018/01/15 10:49:01 [[496461 	 15066 	 陈红钢 	 2018-01-15 09:35:39 	 4134173000463 	 0]]
[info]2018/01/15 10:49:01 [[上传失败 Post http://zhxy111.jxhlw.com/api/ZkAttendance/add: dial tcp: lookup zhxy111.jxhlw.com: no such host]]
[info]2018/01/15 10:49:27 [[程序启动（中控人脸识别结果上传到服务器）...]]
[info]2018/01/15 10:49:27 [[总共 2 条记录]]
[info]2018/01/15 10:49:27 [[496460 	 15066 	 陈红钢 	 2018-01-15 09:44:02 	 4134173000463 	 0]]
[info]2018/01/15 10:49:27 [[上传失败 Post http://zhxy111.jxhlw.com/api/ZkAttendance/add: dial tcp: lookup zhxy111.jxhlw.com: no such host]]
[info]2018/01/15 10:49:27 [[496461 	 15066 	 陈红钢 	 2018-01-15 09:35:39 	 4134173000463 	 0]]
[info]2018/01/15 10:49:27 [[上传失败 Post http://zhxy111.jxhlw.com/api/ZkAttendance/add: dial tcp: lookup zhxy111.jxhlw.com: no such host]]
[info]2018/01/15 10:50:00 [[程序启动（中控人脸识别结果上传到服务器）...]]
[info]2018/01/15 10:50:00 [[总共 2 条记录]]
[info]2018/01/15 10:50:00 [[496460 	 15066 	 陈红钢 	 2018-01-15 09:44:02 	 4134173000463 	 0]]
[info]2018/01/15 10:50:00 [[上传失败 Post http://zhxy111.jxhlw.com/api/ZkAttendance/add: dial tcp: lookup zhxy111.jxhlw.com: no such host]]
[info]2018/01/15 10:50:00 [[496461 	 15066 	 陈红钢 	 2018-01-15 09:35:39 	 4134173000463 	 0]]
[info]2018/01/15 10:50:00 [[上传失败 Post http://zhxy111.jxhlw.com/api/ZkAttendance/add: dial tcp: lookup zhxy111.jxhlw.com: no such host]]
[info]2018/01/15 10:51:01 [[程序启动（中控人脸识别结果上传到服务器）...]]
[info]2018/01/15 10:51:01 [[总共 2 条记录]]
[info]2018/01/15 10:51:01 [[496460 	 15066 	 陈红钢 	 2018-01-15 09:44:02 	 4134173000463 	 0]]
[info]2018/01/15 10:51:01 [[上传失败 Post http://zhxy111.jxhlw.com/api/ZkAttendance/add: dial tcp: lookup zhxy111.jxhlw.com: no such host]]
[info]2018/01/15 10:51:01 [[496461 	 15066 	 陈红钢 	 2018-01-15 09:35:39 	 4134173000463 	 0]]
[info]2018/01/15 10:51:01 [[上传失败 Post http://zhxy111.jxhlw.com/api/ZkAttendance/add: dial tcp: lookup zhxy111.jxhlw.com: no such host]]
[info]2018/01/15 10:51:48 [[程序启动（中控人脸识别结果上传到服务器）...]]
[info]2018/01/15 10:51:48 [[总共 2 条记录]]
[info]2018/01/15 10:51:48 [[496460 	 15066 	 陈红钢 	 2018-01-15 09:44:02 	 4134173000463 	 2]]
[info]2018/01/15 10:51:49 [[上传失败 Post http://zhxy111.jxhlw.com/api/ZkAttendance/add: dial tcp: lookup zhxy111.jxhlw.com: no such host]]
[info]2018/01/15 10:51:49 [[496461 	 15066 	 陈红钢 	 2018-01-15 09:35:39 	 4134173000463 	 2]]
[info]2018/01/15 10:51:49 [[上传失败 Post http://zhxy111.jxhlw.com/api/ZkAttendance/add: dial tcp: lookup zhxy111.jxhlw.com: no such host]]
